<?xml version="1.0" encoding="utf-8"?><testsuites name="pytest tests"><testsuite name="pytest" errors="0" failures="0" skipped="0" tests="15" time="2.376" timestamp="2026-01-18T04:26:57.922178+00:00" hostname="agent-env-e9eab254-c0a0-4e8e-a9c8-0827a7c30498"><testcase classname="tests.test_data_isolation.TestDataIsolation" name="test_client_self_registration_disabled" time="0.097" /><testcase classname="tests.test_data_isolation.TestDataIsolation" name="test_get_clients_returns_only_assigned_clients" time="1.174" /><testcase classname="tests.test_data_isolation.TestDataIsolation" name="test_get_client_by_id_returns_404_for_unassigned" time="0.037" /><testcase classname="tests.test_data_isolation.TestDataIsolation" name="test_get_client_by_id_works_for_assigned" time="0.048" /><testcase classname="tests.test_data_isolation.TestDataIsolation" name="test_update_client_returns_404_for_unassigned" time="0.037" /><testcase classname="tests.test_data_isolation.TestDataIsolation" name="test_update_client_works_for_assigned" time="0.036" /><testcase classname="tests.test_data_isolation.TestDataIsolation" name="test_reset_password_returns_403_for_unassigned" time="0.038" /><testcase classname="tests.test_data_isolation.TestDataIsolation" name="test_reset_password_works_for_assigned" time="0.258" /><testcase classname="tests.test_data_isolation.TestDataIsolation" name="test_super_admin_sees_all_clients" time="0.045" /><testcase classname="tests.test_data_isolation.TestDataIsolation" name="test_super_admin_can_access_any_client_detail" time="0.032" /><testcase classname="tests.test_data_isolation.TestClientIsolationEdgeCases" name="test_get_nonexistent_client_returns_404" time="0.335" /><testcase classname="tests.test_data_isolation.TestClientIsolationEdgeCases" name="test_update_nonexistent_client_returns_404" time="0.036" /><testcase classname="tests.test_data_isolation.TestClientIsolationEdgeCases" name="test_reset_password_nonexistent_client_returns_404" time="0.035" /><testcase classname="tests.test_data_isolation.TestRegistrationDisabled" name="test_register_endpoint_returns_403" time="0.035" /><testcase classname="tests.test_data_isolation.TestRegistrationDisabled" name="test_register_with_different_data_still_403" time="0.074" /></testsuite></testsuites>