<?xml version="1.0" encoding="utf-8"?><testsuites name="pytest tests"><testsuite name="pytest" errors="0" failures="1" skipped="0" tests="20" time="4.517" timestamp="2026-01-18T07:34:21.201169+00:00" hostname="agent-env-e3022e24-96a3-4a7f-9f8a-0166f805d5e0"><testcase classname="tests.test_appointments.TestAppointmentSetup" name="test_therapist_login" time="0.333" /><testcase classname="tests.test_appointments.TestAppointmentSetup" name="test_get_clients_list" time="0.041" /><testcase classname="tests.test_appointments.TestAppointmentCRUD" name="test_create_appointment" time="0.437"><failure message="AssertionError: Create failed: {&quot;detail&quot;:&quot;Time slot already booked. Please choose a different time.&quot;}&#10;assert 400 == 200&#10; +  where 400 = &lt;Response [400]&gt;.status_code">tests/test_appointments.py:131: in test_create_appointment
    assert response.status_code == 200, f"Create failed: {response.text}"
E   AssertionError: Create failed: {"detail":"Time slot already booked. Please choose a different time."}
E   assert 400 == 200
E    +  where 400 = &lt;Response [400]&gt;.status_code</failure></testcase><testcase classname="tests.test_appointments.TestAppointmentCRUD" name="test_get_appointments_list" time="0.043" /><testcase classname="tests.test_appointments.TestAppointmentCRUD" name="test_get_single_appointment" time="0.081" /><testcase classname="tests.test_appointments.TestAppointmentCRUD" name="test_update_appointment_reschedule" time="0.181" /><testcase classname="tests.test_appointments.TestAppointmentCRUD" name="test_update_appointment_notes" time="0.158" /><testcase classname="tests.test_appointments.TestAppointmentCRUD" name="test_delete_appointment" time="0.116" /><testcase classname="tests.test_appointments.TestAppointmentStatus" name="test_complete_appointment" time="0.449" /><testcase classname="tests.test_appointments.TestAppointmentStatus" name="test_cancel_appointment" time="0.107" /><testcase classname="tests.test_appointments.TestAppointmentStatus" name="test_cannot_complete_cancelled_appointment" time="0.114" /><testcase classname="tests.test_appointments.TestAppointmentStatus" name="test_cannot_cancel_completed_appointment" time="0.112" /><testcase classname="tests.test_appointments.TestDoubleBookingPrevention" name="test_double_booking_exact_overlap" time="0.408" /><testcase classname="tests.test_appointments.TestDoubleBookingPrevention" name="test_double_booking_partial_overlap" time="0.114" /><testcase classname="tests.test_appointments.TestDoubleBookingPrevention" name="test_cancelled_appointments_allow_rebooking" time="0.153" /><testcase classname="tests.test_appointments.TestDoubleBookingPrevention" name="test_adjacent_appointments_allowed" time="0.147" /><testcase classname="tests.test_appointments.TestReadOnlyMode" name="test_active_therapist_can_create_appointments" time="0.293" /><testcase classname="tests.test_appointments.TestAppointmentValidation" name="test_end_time_must_be_after_start_time" time="0.333" /><testcase classname="tests.test_appointments.TestAppointmentValidation" name="test_invalid_client_id_rejected" time="0.036" /><testcase classname="tests.test_appointments.TestAppointmentValidation" name="test_appointment_not_found" time="0.627" /></testsuite></testsuites>