<?xml version="1.0" encoding="utf-8"?><testsuites name="pytest tests"><testsuite name="pytest" errors="0" failures="0" skipped="0" tests="14" time="27.192" timestamp="2026-03-16T13:22:44.060088+00:00" hostname="agent-env-012032b5-d9da-4db1-acc9-a4c7a9d8c8c4"><testcase classname="backend.tests.test_followups_phase3_4.TestFollowUpSummary" name="test_summary_returns_correct_fields" time="7.080" /><testcase classname="backend.tests.test_followups_phase3_4.TestFollowUpSummary" name="test_summary_values_are_non_negative" time="2.044" /><testcase classname="backend.tests.test_followups_phase3_4.TestFollowUpSummary" name="test_summary_requires_auth" time="0.133" /><testcase classname="backend.tests.test_followups_phase3_4.TestFollowUpSummary" name="test_summary_denied_for_client" time="1.454" /><testcase classname="backend.tests.test_followups_phase3_4.TestFollowUpClients" name="test_clients_returns_list" time="2.499" /><testcase classname="backend.tests.test_followups_phase3_4.TestFollowUpClients" name="test_clients_have_required_fields" time="2.500" /><testcase classname="backend.tests.test_followups_phase3_4.TestFollowUpClients" name="test_clients_status_is_valid" time="2.526" /><testcase classname="backend.tests.test_followups_phase3_4.TestFollowUpClients" name="test_clients_sorted_by_priority" time="2.504" /><testcase classname="backend.tests.test_followups_phase3_4.TestFollowUpClients" name="test_clients_requires_auth" time="0.133" /><testcase classname="backend.tests.test_followups_phase3_4.TestMyRecommendation" name="test_my_recommendation_returns_data" time="0.604" /><testcase classname="backend.tests.test_followups_phase3_4.TestMyRecommendation" name="test_my_recommendation_fields_when_exists" time="0.617" /><testcase classname="backend.tests.test_followups_phase3_4.TestMyRecommendation" name="test_my_recommendation_denied_for_therapist" time="0.368" /><testcase classname="backend.tests.test_followups_phase3_4.TestMyRecommendation" name="test_my_recommendation_requires_auth" time="0.132" /><testcase classname="backend.tests.test_followups_phase3_4.TestFollowUpIntegration" name="test_summary_counts_match_clients_list" time="4.533" /></testsuite></testsuites>