<?xml version="1.0" encoding="utf-8"?><testsuites name="pytest tests"><testsuite name="pytest" errors="0" failures="0" skipped="0" tests="16" time="17.528" timestamp="2026-01-17T20:20:51.793974+00:00" hostname="agent-env-e9eab254-c0a0-4e8e-a9c8-0827a7c30498"><testcase classname="tests.test_subscription_readonly_mode.TestExpiredTherapistLogin" name="test_login_works_for_expired_subscription" time="1.066" /><testcase classname="tests.test_subscription_readonly_mode.TestExpiredTherapistLogin" name="test_login_works_for_trial_subscription" time="0.747" /><testcase classname="tests.test_subscription_readonly_mode.TestExpiredTherapistLogin" name="test_login_works_for_active_subscription" time="1.070" /><testcase classname="tests.test_subscription_readonly_mode.TestSubscriptionStatusEndpoint" name="test_subscription_status_returns_read_only_true_for_expired" time="1.100" /><testcase classname="tests.test_subscription_readonly_mode.TestSubscriptionStatusEndpoint" name="test_subscription_status_returns_read_only_true_for_cancelled" time="1.133" /><testcase classname="tests.test_subscription_readonly_mode.TestSubscriptionStatusEndpoint" name="test_subscription_status_returns_read_only_false_for_trial" time="0.743" /><testcase classname="tests.test_subscription_readonly_mode.TestSubscriptionStatusEndpoint" name="test_subscription_status_returns_read_only_false_for_active" time="1.096" /><testcase classname="tests.test_subscription_readonly_mode.TestReadOperationsForExpiredTherapist" name="test_get_clients_works_for_expired" time="1.109" /><testcase classname="tests.test_subscription_readonly_mode.TestReadOperationsForExpiredTherapist" name="test_get_session_notes_works_for_expired" time="1.163" /><testcase classname="tests.test_subscription_readonly_mode.TestReadOperationsForExpiredTherapist" name="test_get_appointments_works_for_expired" time="1.233" /><testcase classname="tests.test_subscription_readonly_mode.TestWriteOperationsBlockedForExpiredTherapist" name="test_post_clients_blocked_for_expired" time="1.133" /><testcase classname="tests.test_subscription_readonly_mode.TestWriteOperationsBlockedForExpiredTherapist" name="test_post_appointments_blocked_for_expired" time="1.117" /><testcase classname="tests.test_subscription_readonly_mode.TestWriteOperationsBlockedForExpiredTherapist" name="test_post_session_notes_blocked_for_expired" time="1.079" /><testcase classname="tests.test_subscription_readonly_mode.TestWriteOperationsBlockedForExpiredTherapist" name="test_post_messages_blocked_for_expired" time="1.061" /><testcase classname="tests.test_subscription_readonly_mode.TestWriteOperationsWorkForActiveTherapist" name="test_post_clients_works_for_trial" time="0.914" /><testcase classname="tests.test_subscription_readonly_mode.TestWriteOperationsWorkForActiveTherapist" name="test_post_clients_works_for_active" time="1.704" /></testsuite></testsuites>