<?xml version="1.0" encoding="utf-8"?><testsuites name="pytest tests"><testsuite name="pytest" errors="0" failures="0" skipped="1" tests="28" time="3.103" timestamp="2026-01-18T12:50:49.180926+00:00" hostname="agent-env-384d61ed-24cf-4160-8fb6-813819ab7b94"><testcase classname="tests.test_appointment_calendar_regression.TestAvailabilitySettings" name="test_get_availability" time="0.332" /><testcase classname="tests.test_appointment_calendar_regression.TestAvailabilitySettings" name="test_update_availability_with_multiple_time_blocks" time="0.045" /><testcase classname="tests.test_appointment_calendar_regression.TestAvailabilitySettings" name="test_update_session_duration_validation" time="0.111" /><testcase classname="tests.test_appointment_calendar_regression.TestAvailabilitySettings" name="test_update_buffer_time_validation" time="0.108" /><testcase classname="tests.test_appointment_calendar_regression.TestSlotGeneration" name="test_get_available_slots_for_enabled_day" time="0.102" /><testcase classname="tests.test_appointment_calendar_regression.TestSlotGeneration" name="test_get_available_slots_for_disabled_day" time="0.075" /><testcase classname="tests.test_appointment_calendar_regression.TestSlotGeneration" name="test_get_available_slots_past_date" time="0.040" /><testcase classname="tests.test_appointment_calendar_regression.TestSlotGeneration" name="test_get_available_slots_invalid_date_format" time="0.080" /><testcase classname="tests.test_appointment_calendar_regression.TestAppointmentCRUD" name="test_create_appointment" time="0.117" /><testcase classname="tests.test_appointment_calendar_regression.TestAppointmentCRUD" name="test_create_appointment_invalid_times" time="0.082" /><testcase classname="tests.test_appointment_calendar_regression.TestAppointmentCRUD" name="test_get_appointments" time="0.039" /><testcase classname="tests.test_appointment_calendar_regression.TestAppointmentCRUD" name="test_update_appointment" time="0.043"><skipped type="pytest.skip" message="No appointment created for update test">/app/tests/test_appointment_calendar_regression.py:309: No appointment created for update test</skipped></testcase><testcase classname="tests.test_appointment_calendar_regression.TestAppointmentCRUD" name="test_delete_appointment" time="0.154" /><testcase classname="tests.test_appointment_calendar_regression.TestDoubleBookingPrevention" name="test_double_booking_prevention_on_create" time="0.116" /><testcase classname="tests.test_appointment_calendar_regression.TestDoubleBookingPrevention" name="test_double_booking_prevention_on_update" time="0.229" /><testcase classname="tests.test_appointment_calendar_regression.TestAppointmentStatusChanges" name="test_complete_appointment" time="0.150" /><testcase classname="tests.test_appointment_calendar_regression.TestAppointmentStatusChanges" name="test_cancel_appointment" time="0.140" /><testcase classname="tests.test_appointment_calendar_regression.TestAppointmentStatusChanges" name="test_cannot_complete_cancelled_appointment" time="0.147" /><testcase classname="tests.test_appointment_calendar_regression.TestAppointmentStatusChanges" name="test_cannot_cancel_completed_appointment" time="0.185" /><testcase classname="tests.test_appointment_calendar_regression.TestBlockedTimeCRUD" name="test_create_blocked_time" time="0.111" /><testcase classname="tests.test_appointment_calendar_regression.TestBlockedTimeCRUD" name="test_create_blocked_time_invalid_times" time="0.035" /><testcase classname="tests.test_appointment_calendar_regression.TestBlockedTimeCRUD" name="test_get_blocked_times" time="0.036" /><testcase classname="tests.test_appointment_calendar_regression.TestBlockedTimeCRUD" name="test_delete_blocked_time" time="0.074" /><testcase classname="tests.test_appointment_calendar_regression.TestBlockedTimeCRUD" name="test_blocked_time_prevents_slot_generation" time="0.232" /><testcase classname="tests.test_appointment_calendar_regression.TestReadOnlyMode" name="test_subscription_status_endpoint" time="0.035" /><testcase classname="tests.test_appointment_calendar_regression.TestReadOnlyMode" name="test_active_subscription_allows_writes" time="0.070" /><testcase classname="tests.test_appointment_calendar_regression.TestCleanup" name="test_cleanup_test_appointments" time="0.075" /><testcase classname="tests.test_appointment_calendar_regression.TestCleanup" name="test_cleanup_test_blocked_times" time="0.034" /></testsuite></testsuites>