<?xml version="1.0" encoding="utf-8"?><testsuites name="pytest tests"><testsuite name="pytest" errors="0" failures="0" skipped="0" tests="13" time="59.688" timestamp="2026-01-20T09:45:10.402766+00:00" hostname="agent-env-4bd80e27-9623-4bc2-9b88-d19daad89072"><testcase classname="tests.test_assessments.TestAssessmentLibrary" name="test_get_assessment_library" time="0.337" /><testcase classname="tests.test_assessments.TestAssessmentLibrary" name="test_assessment_library_structure" time="0.320" /><testcase classname="tests.test_assessments.TestAssessmentAssignment" name="test_assign_assessment_to_client" time="0.442" /><testcase classname="tests.test_assessments.TestAssessmentAssignment" name="test_get_therapist_assessments" time="0.404" /><testcase classname="tests.test_assessments.TestClientAssessmentFlow" name="test_client_view_assigned_assessment" time="0.669" /><testcase classname="tests.test_assessments.TestClientAssessmentFlow" name="test_client_save_progress" time="0.688" /><testcase classname="tests.test_assessments.TestClientAssessmentFlow" name="test_client_submit_assessment" time="0.664" /><testcase classname="tests.test_assessments.TestClientAssessmentFlow" name="test_client_cannot_see_unshared_results" time="0.739" /><testcase classname="tests.test_assessments.TestTherapistResultsAndSharing" name="test_therapist_view_results" time="0.687" /><testcase classname="tests.test_assessments.TestTherapistResultsAndSharing" name="test_therapist_add_notes" time="0.739" /><testcase classname="tests.test_assessments.TestTherapistResultsAndSharing" name="test_share_and_unshare_report" time="52.568" /><testcase classname="tests.test_assessments.TestAssessmentScoring" name="test_phq9_scoring" time="0.708" /><testcase classname="tests.test_assessments.TestAssessmentScoring" name="test_dass21_subscale_scoring" time="0.666" /></testsuite></testsuites>