<?xml version="1.0" encoding="utf-8"?><testsuites name="pytest tests"><testsuite name="pytest" errors="0" failures="0" skipped="0" tests="22" time="1.093" timestamp="2026-01-19T11:45:11.380375+00:00" hostname="agent-env-fc1b7358-ca47-468a-94d8-738998970fdc"><testcase classname="tests.test_therapy_consent.TestSeedFromProfile" name="test_seed_from_profile_no_auth" time="0.074" /><testcase classname="tests.test_therapy_consent.TestSeedFromProfile" name="test_seed_from_profile_success" time="0.318" /><testcase classname="tests.test_therapy_consent.TestSeedFromProfile" name="test_seed_from_profile_not_found" time="0.010" /><testcase classname="tests.test_therapy_consent.TestSyncToProfile" name="test_sync_to_profile_no_auth" time="0.009" /><testcase classname="tests.test_therapy_consent.TestSyncToProfile" name="test_sync_to_profile_no_case_history" time="0.051" /><testcase classname="tests.test_therapy_consent.TestCaseHistoryComplete" name="test_complete_case_history_generates_consent" time="0.048" /><testcase classname="tests.test_therapy_consent.TestGetTherapyConsent" name="test_get_consent_no_auth" time="0.010" /><testcase classname="tests.test_therapy_consent.TestGetTherapyConsent" name="test_get_consent_success" time="0.011" /><testcase classname="tests.test_therapy_consent.TestGetTherapyConsent" name="test_get_consent_not_found" time="0.011" /><testcase classname="tests.test_therapy_consent.TestCheckConsentStatus" name="test_check_consent_no_auth" time="0.051" /><testcase classname="tests.test_therapy_consent.TestCheckConsentStatus" name="test_check_consent_status" time="0.051" /><testcase classname="tests.test_therapy_consent.TestCheckConsentStatus" name="test_check_consent_nonexistent_client" time="0.010" /><testcase classname="tests.test_therapy_consent.TestSignConsent" name="test_sign_consent_no_auth" time="0.010" /><testcase classname="tests.test_therapy_consent.TestSignConsent" name="test_sign_consent_invalid_method" time="0.051" /><testcase classname="tests.test_therapy_consent.TestSignConsent" name="test_sign_consent_paper" time="0.011" /><testcase classname="tests.test_therapy_consent.TestSignConsent" name="test_sign_consent_already_signed" time="0.061" /><testcase classname="tests.test_therapy_consent.TestSessionNotesConsentBlocking" name="test_session_notes_blocked_without_consent" time="0.092" /><testcase classname="tests.test_therapy_consent.TestAssistantSecurityBlocking" name="test_assistant_blocked_from_case_history" time="0.000" /><testcase classname="tests.test_therapy_consent.TestAssistantSecurityBlocking" name="test_assistant_blocked_from_consent_write" time="0.000" /><testcase classname="tests.test_therapy_consent.TestConsentTextContent" name="test_consent_text_has_required_sections" time="0.010" /><testcase classname="tests.test_therapy_consent.TestConsentVerifyAfterSign" name="test_verify_consent_signed_status" time="0.061" /><testcase classname="tests.test_therapy_consent.TestFullConsentFlow" name="test_full_consent_flow" time="0.051" /></testsuite></testsuites>