<?xml version="1.0" encoding="utf-8"?><testsuites name="pytest tests"><testsuite name="pytest" errors="0" failures="2" skipped="0" tests="17" time="1.885" timestamp="2026-01-26T07:47:32.176704+00:00" hostname="agent-env-b9054e47-9571-4bd5-a9f7-ef9ae3734d73"><testcase classname="tests.test_scheduler.TestSchedulerAuth" name="test_scheduler_status_requires_auth" time="0.076"><failure message="AssertionError: Should require authentication&#10;assert 403 == 401&#10; +  where 403 = &lt;Response [403]&gt;.status_code">tests/test_scheduler.py:41: in test_scheduler_status_requires_auth
    assert response.status_code == 401, "Should require authentication"
E   AssertionError: Should require authentication
E   assert 403 == 401
E    +  where 403 = &lt;Response [403]&gt;.status_code</failure></testcase><testcase classname="tests.test_scheduler.TestSchedulerAuth" name="test_scheduler_run_requires_auth" time="0.040"><failure message="AssertionError: Should require authentication&#10;assert 403 == 401&#10; +  where 403 = &lt;Response [403]&gt;.status_code">tests/test_scheduler.py:46: in test_scheduler_run_requires_auth
    assert response.status_code == 401, "Should require authentication"
E   AssertionError: Should require authentication
E   assert 403 == 401
E    +  where 403 = &lt;Response [403]&gt;.status_code</failure></testcase><testcase classname="tests.test_scheduler.TestSchedulerStatus" name="test_scheduler_status_super_admin" time="0.070" /><testcase classname="tests.test_scheduler.TestSchedulerStatus" name="test_scheduler_status_therapist" time="0.316" /><testcase classname="tests.test_scheduler.TestSchedulerStatus" name="test_scheduler_jobs_details" time="0.076" /><testcase classname="tests.test_scheduler.TestManualJobTrigger" name="test_manual_trigger_super_admin_only" time="0.303" /><testcase classname="tests.test_scheduler.TestManualJobTrigger" name="test_manual_trigger_appointment_reminders" time="0.065" /><testcase classname="tests.test_scheduler.TestManualJobTrigger" name="test_manual_trigger_pending_session_notes" time="0.036" /><testcase classname="tests.test_scheduler.TestManualJobTrigger" name="test_manual_trigger_subscription_expiry" time="0.036" /><testcase classname="tests.test_scheduler.TestManualJobTrigger" name="test_manual_trigger_invalid_job" time="0.073" /><testcase classname="tests.test_scheduler.TestSchedulerLogs" name="test_scheduler_logs_super_admin_only" time="0.335" /><testcase classname="tests.test_scheduler.TestSchedulerLogs" name="test_scheduler_logs_super_admin" time="0.115" /><testcase classname="tests.test_scheduler.TestSchedulerLogs" name="test_scheduler_logs_with_limit" time="0.074" /><testcase classname="tests.test_scheduler.TestSchedulerLogs" name="test_scheduler_logs_filter_by_job" time="0.036" /><testcase classname="tests.test_scheduler.TestJobIntervals" name="test_appointment_reminders_5min_interval" time="0.068" /><testcase classname="tests.test_scheduler.TestJobIntervals" name="test_pending_notes_15min_interval" time="0.034" /><testcase classname="tests.test_scheduler.TestJobIntervals" name="test_subscription_expiry_daily_9am" time="0.031" /></testsuite></testsuites>