<?xml version="1.0" encoding="utf-8"?><testsuites name="pytest tests"><testsuite name="pytest" errors="0" failures="0" skipped="0" tests="19" time="7.068" timestamp="2026-01-17T20:44:32.037783+00:00" hostname="agent-env-e9eab254-c0a0-4e8e-a9c8-0827a7c30498"><testcase classname="tests.test_client_edit.TestClientUpdateFullName" name="test_update_full_name" time="0.654" /><testcase classname="tests.test_client_edit.TestClientUpdateMobile" name="test_update_mobile_valid_10_digits" time="0.581" /><testcase classname="tests.test_client_edit.TestClientUpdateMobile" name="test_update_mobile_invalid_format_short" time="0.077" /><testcase classname="tests.test_client_edit.TestClientUpdateMobile" name="test_update_mobile_invalid_format_long" time="0.038" /><testcase classname="tests.test_client_edit.TestClientUpdateMobile" name="test_update_mobile_invalid_format_letters" time="0.038" /><testcase classname="tests.test_client_edit.TestClientUpdateEmail" name="test_update_email_valid" time="0.582" /><testcase classname="tests.test_client_edit.TestClientUpdateEmail" name="test_update_email_uniqueness_check" time="0.313" /><testcase classname="tests.test_client_edit.TestClientUpdateProfileFields" name="test_update_age" time="0.666" /><testcase classname="tests.test_client_edit.TestClientUpdateProfileFields" name="test_update_guardian_name" time="0.049" /><testcase classname="tests.test_client_edit.TestClientUpdateProfileFields" name="test_update_address" time="0.050" /><testcase classname="tests.test_client_edit.TestClientUpdateProfileFields" name="test_update_emergency_contact" time="0.050" /><testcase classname="tests.test_client_edit.TestClientUpdateProfileFields" name="test_update_intake_summary" time="0.051" /><testcase classname="tests.test_client_edit.TestClientUpdateProfilePhoto" name="test_update_profile_photo" time="0.603" /><testcase classname="tests.test_client_edit.TestClientPasswordReset" name="test_reset_client_password" time="0.807" /><testcase classname="tests.test_client_edit.TestClientGetEndpoints" name="test_get_clients_returns_profile_photo" time="0.668" /><testcase classname="tests.test_client_edit.TestClientGetEndpoints" name="test_get_client_by_id_returns_profile_photo" time="0.035" /><testcase classname="tests.test_client_edit.TestClientIdImmutable" name="test_client_id_unchanged_after_update" time="0.726" /><testcase classname="tests.test_client_edit.TestClientUpdateMultipleFields" name="test_update_multiple_fields_at_once" time="0.625" /><testcase classname="tests.test_client_edit.TestClientUpdateNotFound" name="test_update_nonexistent_client" time="0.311" /></testsuite></testsuites>