<?xml version="1.0" encoding="utf-8"?><testsuites name="pytest tests"><testsuite name="pytest" errors="0" failures="0" skipped="0" tests="7" time="2.257" timestamp="2026-01-25T08:33:22.936322+00:00" hostname="agent-env-2e3dc26c-5d3f-47f6-8b31-03b99f63f801"><testcase classname="tests.test_consent_p0_fix.TestConsentP0Fix" name="test_client_login" time="0.292" /><testcase classname="tests.test_consent_p0_fix.TestConsentP0Fix" name="test_consent_check_endpoint" time="0.275" /><testcase classname="tests.test_consent_p0_fix.TestConsentP0Fix" name="test_consent_has_12_sections" time="0.274" /><testcase classname="tests.test_consent_p0_fix.TestConsentP0Fix" name="test_therapist_name_in_consent" time="0.268" /><testcase classname="tests.test_consent_p0_fix.TestConsentP0Fix" name="test_services_offered_section_content" time="0.305" /><testcase classname="tests.test_consent_p0_fix.TestConsentP0Fix" name="test_consent_sign_endpoint" time="0.373" /><testcase classname="tests.test_consent_p0_fix.TestConsentP0Fix" name="test_dashboard_data_after_consent" time="0.354" /></testsuite></testsuites>