<?xml version="1.0" encoding="utf-8"?><testsuites name="pytest tests"><testsuite name="pytest" errors="0" failures="0" skipped="0" tests="13" time="3.971" timestamp="2026-01-18T16:06:22.019299+00:00" hostname="agent-env-fc1b7358-ca47-468a-94d8-738998970fdc"><testcase classname="tests.test_slot_generation_timezone.TestSlotGenerationTimezone" name="test_therapist1_availability_settings" time="0.290" /><testcase classname="tests.test_slot_generation_timezone.TestSlotGenerationTimezone" name="test_therapist1_slot_generation_starts_at_0900_ist" time="0.351" /><testcase classname="tests.test_slot_generation_timezone.TestSlotGenerationTimezone" name="test_therapist1_slot_times_in_24hour_format" time="0.264" /><testcase classname="tests.test_slot_generation_timezone.TestSlotGenerationTimezone" name="test_therapist1_slot_buffer_time_applied" time="0.349" /><testcase classname="tests.test_slot_generation_timezone.TestSlotGenerationTimezone" name="test_therapist2_availability_settings" time="0.267" /><testcase classname="tests.test_slot_generation_timezone.TestSlotGenerationTimezone" name="test_therapist2_multiple_time_blocks_slot_generation" time="0.281" /><testcase classname="tests.test_slot_generation_timezone.TestSlotGenerationTimezone" name="test_therapist2_slot_buffer_time_applied" time="0.268" /><testcase classname="tests.test_slot_generation_timezone.TestSlotGenerationTimezone" name="test_booking_appointment_uses_correct_times" time="0.302" /><testcase classname="tests.test_slot_generation_timezone.TestSlotGenerationTimezone" name="test_blocked_time_removes_slot" time="0.369" /><testcase classname="tests.test_slot_generation_timezone.TestSlotGenerationTimezone" name="test_availability_settings_page_displays_correctly" time="0.267" /><testcase classname="tests.test_slot_generation_timezone.TestSlotGenerationEdgeCases" name="test_disabled_day_returns_no_slots" time="0.266" /><testcase classname="tests.test_slot_generation_timezone.TestSlotGenerationEdgeCases" name="test_past_date_returns_no_slots" time="0.263" /><testcase classname="tests.test_slot_generation_timezone.TestSlotGenerationEdgeCases" name="test_invalid_date_format_returns_error" time="0.306" /></testsuite></testsuites>