<?xml version="1.0" encoding="utf-8"?><testsuites name="pytest tests"><testsuite name="pytest" errors="0" failures="0" skipped="13" tests="14" time="0.567" timestamp="2026-02-16T13:51:57.835333+00:00" hostname="agent-env-e1658a1b-6bd7-487f-9104-c1e8f6a2ffd6"><testcase classname="tests.test_case_history_consent_workflow.TestCaseHistoryConsentWorkflow" name="test_01_get_case_history_creates_if_not_exists" time="0.261"><skipped type="pytest.skip" message="Admin login failed: 404 - {&quot;detail&quot;:&quot;Not Found&quot;}">/app/backend/tests/test_case_history_consent_workflow.py:127: Admin login failed: 404 - {"detail":"Not Found"}</skipped></testcase><testcase classname="tests.test_case_history_consent_workflow.TestCaseHistoryConsentWorkflow" name="test_02_update_case_history_section" time="0.000"><skipped type="pytest.skip" message="Admin login failed: 404 - {&quot;detail&quot;:&quot;Not Found&quot;}">/app/backend/tests/test_case_history_consent_workflow.py:140: Admin login failed: 404 - {"detail":"Not Found"}</skipped></testcase><testcase classname="tests.test_case_history_consent_workflow.TestCaseHistoryConsentWorkflow" name="test_03_check_consent_before_case_history_complete" time="0.000"><skipped type="pytest.skip" message="Admin login failed: 404 - {&quot;detail&quot;:&quot;Not Found&quot;}">/app/backend/tests/test_case_history_consent_workflow.py:162: Admin login failed: 404 - {"detail":"Not Found"}</skipped></testcase><testcase classname="tests.test_case_history_consent_workflow.TestCaseHistoryConsentWorkflow" name="test_04_mark_case_history_complete" time="0.000"><skipped type="pytest.skip" message="Admin login failed: 404 - {&quot;detail&quot;:&quot;Not Found&quot;}">/app/backend/tests/test_case_history_consent_workflow.py:176: Admin login failed: 404 - {"detail":"Not Found"}</skipped></testcase><testcase classname="tests.test_case_history_consent_workflow.TestCaseHistoryConsentWorkflow" name="test_05_consent_exists_after_case_history_complete" time="0.000"><skipped type="pytest.skip" message="Admin login failed: 404 - {&quot;detail&quot;:&quot;Not Found&quot;}">/app/backend/tests/test_case_history_consent_workflow.py:189: Admin login failed: 404 - {"detail":"Not Found"}</skipped></testcase><testcase classname="tests.test_case_history_consent_workflow.TestCaseHistoryConsentWorkflow" name="test_06_client_can_check_consent_status" time="0.000"><skipped type="pytest.skip" message="Admin login failed: 404 - {&quot;detail&quot;:&quot;Not Found&quot;}">/app/backend/tests/test_case_history_consent_workflow.py:202: Admin login failed: 404 - {"detail":"Not Found"}</skipped></testcase><testcase classname="tests.test_case_history_consent_workflow.TestCaseHistoryConsentWorkflow" name="test_07_client_can_fetch_consent_document" time="0.000"><skipped type="pytest.skip" message="Admin login failed: 404 - {&quot;detail&quot;:&quot;Not Found&quot;}">/app/backend/tests/test_case_history_consent_workflow.py:215: Admin login failed: 404 - {"detail":"Not Found"}</skipped></testcase><testcase classname="tests.test_case_history_consent_workflow.TestCaseHistoryConsentWorkflow" name="test_08_client_cannot_access_other_client_consent" time="0.000"><skipped type="pytest.skip" message="Admin login failed: 404 - {&quot;detail&quot;:&quot;Not Found&quot;}">/app/backend/tests/test_case_history_consent_workflow.py:237: Admin login failed: 404 - {"detail":"Not Found"}</skipped></testcase><testcase classname="tests.test_case_history_consent_workflow.TestCaseHistoryConsentWorkflow" name="test_09_client_signs_consent" time="0.000"><skipped type="pytest.skip" message="Admin login failed: 404 - {&quot;detail&quot;:&quot;Not Found&quot;}">/app/backend/tests/test_case_history_consent_workflow.py:250: Admin login failed: 404 - {"detail":"Not Found"}</skipped></testcase><testcase classname="tests.test_case_history_consent_workflow.TestCaseHistoryConsentWorkflow" name="test_10_consent_is_signed_after_signing" time="0.000"><skipped type="pytest.skip" message="Admin login failed: 404 - {&quot;detail&quot;:&quot;Not Found&quot;}">/app/backend/tests/test_case_history_consent_workflow.py:265: Admin login failed: 404 - {"detail":"Not Found"}</skipped></testcase><testcase classname="tests.test_case_history_consent_workflow.TestCaseHistoryConsentWorkflow" name="test_11_therapist_can_see_signed_consent" time="0.000"><skipped type="pytest.skip" message="Admin login failed: 404 - {&quot;detail&quot;:&quot;Not Found&quot;}">/app/backend/tests/test_case_history_consent_workflow.py:278: Admin login failed: 404 - {"detail":"Not Found"}</skipped></testcase><testcase classname="tests.test_case_history_consent_workflow.TestCaseHistoryConsentWorkflow" name="test_12_client_notification_created" time="0.000"><skipped type="pytest.skip" message="Admin login failed: 404 - {&quot;detail&quot;:&quot;Not Found&quot;}">/app/backend/tests/test_case_history_consent_workflow.py:292: Admin login failed: 404 - {"detail":"Not Found"}</skipped></testcase><testcase classname="tests.test_case_history_consent_workflow.TestEmailTemplateRegistry" name="test_consent_pending_client_template_exists" time="0.114" /><testcase classname="tests.test_case_history_consent_workflow.TestCaseHistoryCheckEndpoint" name="test_check_case_history_endpoint" time="0.118"><skipped type="pytest.skip" message="Could not login as therapist">/app/backend/tests/test_case_history_consent_workflow.py:367: Could not login as therapist</skipped></testcase></testsuite></testsuites>