<?xml version="1.0" encoding="utf-8"?><testsuites name="pytest tests"><testsuite name="pytest" errors="0" failures="0" skipped="0" tests="17" time="3.009" timestamp="2026-01-18T09:13:08.717987+00:00" hostname="agent-env-384d61ed-24cf-4160-8fb6-813819ab7b94"><testcase classname="tests.test_messaging.TestMessagingSetup" name="test_therapist_login" time="0.309" /><testcase classname="tests.test_messaging.TestMessagingContacts" name="test_get_messaging_contacts" time="0.353" /><testcase classname="tests.test_messaging.TestMessagingContacts" name="test_contacts_only_assigned_clients" time="0.082" /><testcase classname="tests.test_messaging.TestSendMessage" name="test_send_message_to_assigned_client" time="0.365" /><testcase classname="tests.test_messaging.TestSendMessage" name="test_cannot_send_to_unassigned_client" time="0.036" /><testcase classname="tests.test_messaging.TestSendMessage" name="test_get_messages_with_client" time="0.038" /><testcase classname="tests.test_messaging.TestSendMessage" name="test_get_conversations" time="0.041" /><testcase classname="tests.test_messaging.TestClientMessagingSettings" name="test_get_client_messaging_status" time="0.404" /><testcase classname="tests.test_messaging.TestClientMessagingSettings" name="test_disable_client_messaging" time="0.165" /><testcase classname="tests.test_messaging.TestClientMessagingSettings" name="test_disabled_client_not_in_contacts" time="0.122" /><testcase classname="tests.test_messaging.TestClientMessagingSettings" name="test_cannot_send_to_disabled_client" time="0.078" /><testcase classname="tests.test_messaging.TestClientMessagingSettings" name="test_enable_client_messaging" time="0.092" /><testcase classname="tests.test_messaging.TestClientMessagingSettings" name="test_enabled_client_in_contacts" time="0.121" /><testcase classname="tests.test_messaging.TestExpiredSubscriptionReadOnly" name="test_subscription_status_endpoint" time="0.375" /><testcase classname="tests.test_messaging.TestExpiredSubscriptionReadOnly" name="test_active_subscription_can_send" time="0.275" /><testcase classname="tests.test_messaging.TestExpiredSubscriptionReadOnly" name="test_read_only_mode_check" time="0.079" /><testcase classname="tests.test_messaging.TestMessagingUIDataTestIds" name="test_expected_data_testids" time="0.001" /></testsuite></testsuites>