<?xml version="1.0" encoding="utf-8"?><testsuites name="pytest tests"><testsuite name="pytest" errors="0" failures="0" skipped="0" tests="12" time="2.961" timestamp="2026-01-17T19:13:21.714911+00:00" hostname="agent-env-e9eab254-c0a0-4e8e-a9c8-0827a7c30498"><testcase classname="tests.test_admin_and_auth.TestSuperAdminLogin" name="test_super_admin_login_success" time="0.071" /><testcase classname="tests.test_admin_and_auth.TestSuperAdminLogin" name="test_super_admin_login_invalid_credentials" time="0.035" /><testcase classname="tests.test_admin_and_auth.TestTherapistApplicationFlow" name="test_therapist_application_submit" time="0.041" /><testcase classname="tests.test_admin_and_auth.TestTherapistApplicationFlow" name="test_get_therapist_applications" time="0.118" /><testcase classname="tests.test_admin_and_auth.TestTherapistApplicationFlow" name="test_get_therapist_applications_without_auth" time="0.033" /><testcase classname="tests.test_admin_and_auth.TestTherapistApplicationFlow" name="test_approve_therapist_application" time="0.373" /><testcase classname="tests.test_admin_and_auth.TestTherapistManagement" name="test_get_all_therapists" time="0.116" /><testcase classname="tests.test_admin_and_auth.TestTherapistManagement" name="test_suspend_therapist" time="0.359" /><testcase classname="tests.test_admin_and_auth.TestTherapistManagement" name="test_activate_therapist" time="0.420" /><testcase classname="tests.test_admin_and_auth.TestClientEndpoint" name="test_get_clients_no_crash" time="0.621" /><testcase classname="tests.test_admin_and_auth.TestApprovedTherapistLogin" name="test_approved_therapist_login_with_mobile" time="0.632" /><testcase classname="tests.test_admin_and_auth.TestAdminClientsEndpoint" name="test_admin_get_all_clients" time="0.073" /></testsuite></testsuites>