<?xml version="1.0" encoding="utf-8"?><testsuites name="pytest tests"><testsuite name="pytest" errors="0" failures="0" skipped="0" tests="16" time="20.211" timestamp="2026-03-23T10:17:17.940286+00:00" hostname="agent-env-012032b5-d9da-4db1-acc9-a4c7a9d8c8c4"><testcase classname="backend.tests.test_admin_email_broadcast.TestAdminEmailBroadcast" name="test_recipients_summary_success" time="5.687" /><testcase classname="backend.tests.test_admin_email_broadcast.TestAdminEmailBroadcast" name="test_recipients_summary_403_for_therapist" time="1.206" /><testcase classname="backend.tests.test_admin_email_broadcast.TestAdminEmailBroadcast" name="test_recipients_summary_401_no_auth" time="0.097" /><testcase classname="backend.tests.test_admin_email_broadcast.TestAdminEmailBroadcast" name="test_recipients_list_therapists" time="0.324" /><testcase classname="backend.tests.test_admin_email_broadcast.TestAdminEmailBroadcast" name="test_recipients_list_clients" time="0.323" /><testcase classname="backend.tests.test_admin_email_broadcast.TestAdminEmailBroadcast" name="test_recipients_list_403_for_therapist" time="0.326" /><testcase classname="backend.tests.test_admin_email_broadcast.TestAdminEmailBroadcast" name="test_ai_draft_generation" time="9.271" /><testcase classname="backend.tests.test_admin_email_broadcast.TestAdminEmailBroadcast" name="test_ai_draft_403_for_therapist" time="0.338" /><testcase classname="backend.tests.test_admin_email_broadcast.TestAdminEmailBroadcast" name="test_ai_draft_validation" time="0.099" /><testcase classname="backend.tests.test_admin_email_broadcast.TestAdminEmailBroadcast" name="test_send_email_validation_no_recipients" time="0.093" /><testcase classname="backend.tests.test_admin_email_broadcast.TestAdminEmailBroadcast" name="test_send_email_validation_by_plan_no_filter" time="0.095" /><testcase classname="backend.tests.test_admin_email_broadcast.TestAdminEmailBroadcast" name="test_send_email_403_for_therapist" time="0.547" /><testcase classname="backend.tests.test_admin_email_broadcast.TestAdminEmailBroadcast" name="test_send_email_to_all_therapists" time="0.839" /><testcase classname="backend.tests.test_admin_email_broadcast.TestAdminEmailBroadcast" name="test_email_history" time="0.323" /><testcase classname="backend.tests.test_admin_email_broadcast.TestAdminEmailBroadcast" name="test_email_history_403_for_therapist" time="0.434" /><testcase classname="backend.tests.test_admin_email_broadcast.TestAdminEmailBroadcast" name="test_email_history_401_no_auth" time="0.132" /></testsuite></testsuites>