<?xml version="1.0" encoding="utf-8"?><testsuites name="pytest tests"><testsuite name="pytest" errors="0" failures="3" skipped="0" tests="19" time="10.720" timestamp="2026-01-18T13:22:18.594149+00:00" hostname="agent-env-384d61ed-24cf-4160-8fb6-813819ab7b94"><testcase classname="tests.test_assistant_role.TestAssistantCRUD" name="test_create_assistant" time="0.646" /><testcase classname="tests.test_assistant_role.TestAssistantCRUD" name="test_create_assistant_duplicate_email" time="0.341" /><testcase classname="tests.test_assistant_role.TestAssistantCRUD" name="test_get_assistants" time="0.402" /><testcase classname="tests.test_assistant_role.TestAssistantCRUD" name="test_suspend_assistant" time="0.383" /><testcase classname="tests.test_assistant_role.TestAssistantCRUD" name="test_activate_assistant" time="0.406" /><testcase classname="tests.test_assistant_role.TestAssistantCRUD" name="test_delete_assistant" time="0.333" /><testcase classname="tests.test_assistant_role.TestAssistantLogin" name="test_assistant_login_with_email" time="0.556" /><testcase classname="tests.test_assistant_role.TestAssistantLogin" name="test_suspended_assistant_cannot_login" time="0.654" /><testcase classname="tests.test_assistant_role.TestAssistantAccessControl" name="test_assistant_can_view_clients" time="0.627" /><testcase classname="tests.test_assistant_role.TestAssistantAccessControl" name="test_assistant_can_create_appointment" time="0.760"><failure message="AssertionError: Expected 200/201, got 400: {&quot;detail&quot;:&quot;Time slot already booked. Please choose a different time.&quot;}&#10;assert 400 in [200, 201]&#10; +  where 400 = &lt;Response [400]&gt;.status_code">tests/test_assistant_role.py:361: in test_assistant_can_create_appointment
    assert response.status_code in [200, 201], f"Expected 200/201, got {response.status_code}: {response.text}"
E   AssertionError: Expected 200/201, got 400: {"detail":"Time slot already booked. Please choose a different time."}
E   assert 400 in [200, 201]
E    +  where 400 = &lt;Response [400]&gt;.status_code</failure></testcase><testcase classname="tests.test_assistant_role.TestAssistantAccessControl" name="test_assistant_can_cancel_appointment" time="0.735" /><testcase classname="tests.test_assistant_role.TestAssistantAccessControl" name="test_assistant_can_view_appointments" time="0.621" /><testcase classname="tests.test_assistant_role.TestAssistantAccessControl" name="test_assistant_cannot_access_session_notes" time="0.593" /><testcase classname="tests.test_assistant_role.TestAssistantAccessControl" name="test_assistant_cannot_access_availability" time="0.632" /><testcase classname="tests.test_assistant_role.TestAssistantAccessControl" name="test_assistant_cannot_send_messages" time="0.676"><failure message="AssertionError: Expected 403/400/401 for messages, got 200: {&quot;id&quot;:&quot;fe8d6f56-21d0-4cf6-b17a-201150da2552&quot;,&quot;sender_id&quot;:&quot;a3d49b60-e0ef-4991-a36c-1b5c78a39507&quot;,&quot;sender_name&quot;:&quot;TEST_Access Assistant&quot;,&quot;recipient_id&quot;:&quot;c283749c-2c50-48d7-94bf-e4588247883d&quot;,&quot;recipient_name&quot;:&quot;Test Client Alpha&quot;,&quot;content&quot;:&quot;TEST message from assistant&quot;,&quot;read&quot;:false,&quot;created_at&quot;:&quot;2026-01-18T13:22:27.113983Z&quot;}&#10;assert 200 in [403, 400, 401]&#10; +  where 200 = &lt;Response [200]&gt;.status_code">tests/test_assistant_role.py:450: in test_assistant_cannot_send_messages
    assert response.status_code in [403, 400, 401], f"Expected 403/400/401 for messages, got {response.status_code}: {response.text}"
E   AssertionError: Expected 403/400/401 for messages, got 200: {"id":"fe8d6f56-21d0-4cf6-b17a-201150da2552","sender_id":"a3d49b60-e0ef-4991-a36c-1b5c78a39507","sender_name":"TEST_Access Assistant","recipient_id":"c283749c-2c50-48d7-94bf-e4588247883d","recipient_name":"Test Client Alpha","content":"TEST message from assistant","read":false,"created_at":"2026-01-18T13:22:27.113983Z"}
E   assert 200 in [403, 400, 401]
E    +  where 200 = &lt;Response [200]&gt;.status_code</failure></testcase><testcase classname="tests.test_assistant_role.TestAssistantAccessControl" name="test_assistant_cannot_access_assessments" time="0.600" /><testcase classname="tests.test_assistant_role.TestAssistantAccessControl" name="test_assistant_cannot_access_protocols" time="0.589" /><testcase classname="tests.test_assistant_role.TestAssistantAccessControl" name="test_assistant_cannot_reassign_client" time="0.658"><failure message="AssertionError: Expected 403 for reassigning client, got 404: {&quot;detail&quot;:&quot;Client not found or not assigned to you&quot;}&#10;assert 404 == 403&#10; +  where 404 = &lt;Response [404]&gt;.status_code">tests/test_assistant_role.py:496: in test_assistant_cannot_reassign_client
    assert response.status_code == 403, f"Expected 403 for reassigning client, got {response.status_code}: {response.text}"
E   AssertionError: Expected 403 for reassigning client, got 404: {"detail":"Client not found or not assigned to you"}
E   assert 404 == 403
E    +  where 404 = &lt;Response [404]&gt;.status_code</failure></testcase><testcase classname="tests.test_assistant_role.TestAssistantAuditLogging" name="test_assistant_creation_logged" time="0.294" /></testsuite></testsuites>