<?xml version="1.0" encoding="utf-8"?><testsuites name="pytest tests"><testsuite name="pytest" errors="0" failures="0" skipped="1" tests="22" time="25.612" timestamp="2026-03-16T13:55:20.733552+00:00" hostname="agent-env-012032b5-d9da-4db1-acc9-a4c7a9d8c8c4"><testcase classname="backend.tests.test_followups_phase5.TestJourneyTimeline" name="test_journey_timeline_returns_200" time="6.858" /><testcase classname="backend.tests.test_followups_phase5.TestJourneyTimeline" name="test_journey_timeline_has_stats" time="1.776" /><testcase classname="backend.tests.test_followups_phase5.TestJourneyTimeline" name="test_journey_timeline_returns_timeline_events" time="1.805" /><testcase classname="backend.tests.test_followups_phase5.TestJourneyTimeline" name="test_journey_timeline_no_auth_returns_401" time="0.128" /><testcase classname="backend.tests.test_followups_phase5.TestJourneyTimeline" name="test_journey_timeline_client_access_denied" time="1.396" /><testcase classname="backend.tests.test_followups_phase5.TestJourneyTimeline" name="test_journey_timeline_invalid_client_returns_404" time="2.212" /><testcase classname="backend.tests.test_followups_phase5.TestDetailedRetentionAnalytics" name="test_detailed_analytics_returns_200" time="2.010" /><testcase classname="backend.tests.test_followups_phase5.TestDetailedRetentionAnalytics" name="test_detailed_analytics_has_client_details" time="1.555" /><testcase classname="backend.tests.test_followups_phase5.TestDetailedRetentionAnalytics" name="test_detailed_analytics_no_auth_returns_401" time="0.138" /><testcase classname="backend.tests.test_followups_phase5.TestDetailedRetentionAnalytics" name="test_detailed_analytics_client_access_denied" time="0.354" /><testcase classname="backend.tests.test_followups_phase5.TestFollowUpSettings" name="test_get_settings_returns_200" time="0.624" /><testcase classname="backend.tests.test_followups_phase5.TestFollowUpSettings" name="test_update_settings_email_toggle" time="2.644" /><testcase classname="backend.tests.test_followups_phase5.TestFollowUpSettings" name="test_update_settings_whatsapp_toggle" time="2.405" /><testcase classname="backend.tests.test_followups_phase5.TestFollowUpSettings" name="test_settings_no_auth_returns_401" time="0.263" /><testcase classname="backend.tests.test_followups_phase5.TestFollowUpSettings" name="test_settings_client_access_denied" time="0.828" /><testcase classname="backend.tests.test_followups_phase5.TestFollowUpSettings" name="test_update_settings_empty_body_returns_400" time="0.379" /><testcase classname="backend.tests.test_followups_phase5.TestSchedulerJobRegistration" name="test_scheduler_jobs_endpoint" time="0.125"><skipped type="pytest.skip" message="Scheduler jobs endpoint returned 404">/app/backend/tests/test_followups_phase5.py:270: Scheduler jobs endpoint returned 404</skipped></testcase><testcase classname="backend.tests.test_followups_phase5.TestEmailTemplates" name="test_email_templates_import" time="0.010" /><testcase classname="backend.tests.test_followups_phase5.TestEmailTemplates" name="test_email_templates_registered_in_registry" time="0.009" /><testcase classname="backend.tests.test_followups_phase5.TestSchedulerJobCode" name="test_followup_reminders_job_registered" time="0.004" /><testcase classname="backend.tests.test_followups_phase5.TestSchedulerJobCode" name="test_followup_reminders_module_exists" time="0.000" /><testcase classname="backend.tests.test_followups_phase5.TestSchedulerJobCode" name="test_followup_reminders_function_defined" time="0.002" /></testsuite></testsuites>