<?xml version="1.0" encoding="utf-8"?><testsuites name="pytest tests"><testsuite name="pytest" errors="0" failures="0" skipped="0" tests="12" time="4.328" timestamp="2026-01-18T06:27:49.474502+00:00" hostname="agent-env-e3022e24-96a3-4a7f-9f8a-0166f805d5e0"><testcase classname="tests.test_p0_subscription_management.TestP0_1_NewTherapistTrialSubscription" name="test_create_therapist_gets_trial_subscription" time="0.484" /><testcase classname="tests.test_p0_subscription_management.TestP0_2_AssignSubscriptionPlan" name="test_assign_subscription_plan" time="0.598" /><testcase classname="tests.test_p0_subscription_management.TestP0_3_ChangeSubscriptionPlan" name="test_change_subscription_plan" time="0.631" /><testcase classname="tests.test_p0_subscription_management.TestP0_4_ExtendSubscription" name="test_extend_subscription" time="0.409" /><testcase classname="tests.test_p0_subscription_management.TestP0_4_ExtendSubscription" name="test_extend_subscription_no_subscription_fails" time="0.330" /><testcase classname="tests.test_p0_subscription_management.TestP0_5_MigrateSubscriptions" name="test_migrate_subscriptions_endpoint" time="0.043" /><testcase classname="tests.test_p0_subscription_management.TestP0_6_SubscriptionPersistence" name="test_subscription_changes_persist" time="0.584" /><testcase classname="tests.test_p0_subscription_management.TestP0_AssignTrialSubscription" name="test_assign_trial_subscription" time="0.490" /><testcase classname="tests.test_p0_subscription_management.TestSubscriptionEndpointErrors" name="test_assign_subscription_nonexistent_therapist" time="0.039" /><testcase classname="tests.test_p0_subscription_management.TestSubscriptionEndpointErrors" name="test_assign_subscription_nonexistent_plan" time="0.318" /><testcase classname="tests.test_p0_subscription_management.TestSubscriptionEndpointErrors" name="test_extend_subscription_nonexistent_therapist" time="0.099" /><testcase classname="tests.test_p0_subscription_management.TestSubscriptionEndpointErrors" name="test_assign_trial_nonexistent_therapist" time="0.099" /></testsuite></testsuites>