<?xml version="1.0" encoding="utf-8"?><testsuites name="pytest tests"><testsuite name="pytest" errors="0" failures="0" skipped="0" tests="17" time="28.143" timestamp="2026-03-16T12:30:18.346952+00:00" hostname="agent-env-012032b5-d9da-4db1-acc9-a4c7a9d8c8c4"><testcase classname="backend.tests.test_followups.TestFollowUpAPIs" name="test_recommend_follow_up_success" time="6.246" /><testcase classname="backend.tests.test_followups.TestFollowUpAPIs" name="test_recommend_follow_up_invalid_client" time="0.578" /><testcase classname="backend.tests.test_followups.TestFollowUpAPIs" name="test_recommend_follow_up_without_auth" time="0.176" /><testcase classname="backend.tests.test_followups.TestFollowUpAPIs" name="test_get_follow_up_summary" time="2.069" /><testcase classname="backend.tests.test_followups.TestFollowUpAPIs" name="test_get_follow_up_summary_without_auth" time="0.113" /><testcase classname="backend.tests.test_followups.TestFollowUpAPIs" name="test_get_follow_up_clients" time="2.298" /><testcase classname="backend.tests.test_followups.TestFollowUpAPIs" name="test_follow_up_clients_sorted_by_priority" time="2.269" /><testcase classname="backend.tests.test_followups.TestFollowUpAPIs" name="test_get_retention_analytics" time="4.195" /><testcase classname="backend.tests.test_followups.TestFollowUpAPIs" name="test_retention_analytics_monthly_sessions" time="4.172" /><testcase classname="backend.tests.test_followups.TestFollowUpAPIs" name="test_client_get_my_recommendation" time="1.641" /><testcase classname="backend.tests.test_followups.TestFollowUpAPIs" name="test_client_recommendation_access_control" time="0.374" /><testcase classname="backend.tests.test_followups.TestFollowUpAPIs" name="test_integration_create_and_verify_recommendation" time="3.291" /><testcase classname="backend.tests.test_followups.TestFollowUpAccessControl" name="test_unauthenticated_recommend" time="0.192" /><testcase classname="backend.tests.test_followups.TestFollowUpAccessControl" name="test_unauthenticated_summary" time="0.113" /><testcase classname="backend.tests.test_followups.TestFollowUpAccessControl" name="test_unauthenticated_clients" time="0.107" /><testcase classname="backend.tests.test_followups.TestFollowUpAccessControl" name="test_unauthenticated_analytics" time="0.104" /><testcase classname="backend.tests.test_followups.TestFollowUpAccessControl" name="test_unauthenticated_my_recommendation" time="0.118" /></testsuite></testsuites>