<?xml version="1.0" encoding="utf-8"?><testsuites name="pytest tests"><testsuite name="pytest" errors="0" failures="0" skipped="0" tests="12" time="38.794" timestamp="2026-03-16T11:49:50.623227+00:00" hostname="agent-env-99e1b793-0ea9-4232-8c20-34c1ca017c2a"><testcase classname="backend.tests.test_assign_assessment_share_resource.TestAssignAssessmentShareResource" name="test_get_assessment_library" time="6.308" /><testcase classname="backend.tests.test_assign_assessment_share_resource.TestAssignAssessmentShareResource" name="test_assign_assessment_phq9" time="3.900" /><testcase classname="backend.tests.test_assign_assessment_share_resource.TestAssignAssessmentShareResource" name="test_assign_assessment_gad7" time="3.952" /><testcase classname="backend.tests.test_assign_assessment_share_resource.TestAssignAssessmentShareResource" name="test_assign_assessment_invalid_type" time="2.400" /><testcase classname="backend.tests.test_assign_assessment_share_resource.TestAssignAssessmentShareResource" name="test_assign_assessment_invalid_client" time="2.608" /><testcase classname="backend.tests.test_assign_assessment_share_resource.TestAssignAssessmentShareResource" name="test_get_assessments_by_client" time="4.445" /><testcase classname="backend.tests.test_assign_assessment_share_resource.TestAssignAssessmentShareResource" name="test_get_resources" time="2.085" /><testcase classname="backend.tests.test_assign_assessment_share_resource.TestAssignAssessmentShareResource" name="test_share_resource_to_client" time="3.641" /><testcase classname="backend.tests.test_assign_assessment_share_resource.TestAssignAssessmentShareResource" name="test_share_invalid_resource" time="1.908" /><testcase classname="backend.tests.test_assign_assessment_share_resource.TestAssignAssessmentShareResource" name="test_share_resource_invalid_client" time="3.586" /><testcase classname="backend.tests.test_assign_assessment_share_resource.TestAssignAssessmentShareResource" name="test_get_resource_assignments_by_client" time="3.073" /><testcase classname="backend.tests.test_assign_assessment_share_resource.TestTherapistLogin" name="test_therapist_login" time="0.820" /></testsuite></testsuites>