<?xml version="1.0" encoding="utf-8"?><testsuites name="pytest tests"><testsuite name="pytest" errors="0" failures="0" skipped="0" tests="17" time="2.899" timestamp="2026-01-18T09:19:51.702389+00:00" hostname="agent-env-384d61ed-24cf-4160-8fb6-813819ab7b94"><testcase classname="tests.test_messaging.TestMessagingSetup" name="test_therapist_login" time="0.285" /><testcase classname="tests.test_messaging.TestMessagingContacts" name="test_get_messaging_contacts" time="0.304" /><testcase classname="tests.test_messaging.TestMessagingContacts" name="test_contacts_only_assigned_clients" time="0.123" /><testcase classname="tests.test_messaging.TestSendMessage" name="test_send_message_to_assigned_client" time="0.385" /><testcase classname="tests.test_messaging.TestSendMessage" name="test_cannot_send_to_unassigned_client" time="0.083" /><testcase classname="tests.test_messaging.TestSendMessage" name="test_get_messages_with_client" time="0.043" /><testcase classname="tests.test_messaging.TestSendMessage" name="test_get_conversations" time="0.038" /><testcase classname="tests.test_messaging.TestClientMessagingSettings" name="test_get_client_messaging_status" time="0.418" /><testcase classname="tests.test_messaging.TestClientMessagingSettings" name="test_disable_client_messaging" time="0.186" /><testcase classname="tests.test_messaging.TestClientMessagingSettings" name="test_disabled_client_not_in_contacts" time="0.086" /><testcase classname="tests.test_messaging.TestClientMessagingSettings" name="test_cannot_send_to_disabled_client" time="0.077" /><testcase classname="tests.test_messaging.TestClientMessagingSettings" name="test_enable_client_messaging" time="0.075" /><testcase classname="tests.test_messaging.TestClientMessagingSettings" name="test_enabled_client_in_contacts" time="0.081" /><testcase classname="tests.test_messaging.TestExpiredSubscriptionReadOnly" name="test_subscription_status_endpoint" time="0.309" /><testcase classname="tests.test_messaging.TestExpiredSubscriptionReadOnly" name="test_active_subscription_can_send" time="0.120" /><testcase classname="tests.test_messaging.TestExpiredSubscriptionReadOnly" name="test_read_only_mode_check" time="0.072" /><testcase classname="tests.test_messaging.TestMessagingUIDataTestIds" name="test_expected_data_testids" time="0.000" /></testsuite></testsuites>