<?xml version="1.0" encoding="utf-8"?><testsuites name="pytest tests"><testsuite name="pytest" errors="0" failures="3" skipped="0" tests="20" time="2.599" timestamp="2026-01-20T10:49:53.103049+00:00" hostname="agent-env-4bd80e27-9623-4bc2-9b88-d19daad89072"><testcase classname="tests.test_feature_toggles.TestSubscriptionPlansFeatureToggles" name="test_admin_can_list_subscription_plans" time="0.113" /><testcase classname="tests.test_feature_toggles.TestSubscriptionPlansFeatureToggles" name="test_admin_can_create_plan_with_feature_toggles" time="0.043" /><testcase classname="tests.test_feature_toggles.TestSubscriptionPlansFeatureToggles" name="test_admin_can_update_feature_toggles" time="0.160" /><testcase classname="tests.test_feature_toggles.TestSubscriptionStatusEndpoint" name="test_therapist_gets_subscription_status" time="0.299" /><testcase classname="tests.test_feature_toggles.TestSubscriptionStatusEndpoint" name="test_assistant_gets_linked_therapist_subscription_status" time="0.308" /><testcase classname="tests.test_feature_toggles.TestSubscriptionStatusEndpoint" name="test_expiry_warning_calculation" time="0.041" /><testcase classname="tests.test_feature_toggles.TestFeatureAccessEnforcement" name="test_session_notes_endpoint_access" time="0.299" /><testcase classname="tests.test_feature_toggles.TestFeatureAccessEnforcement" name="test_assessments_endpoint_access" time="0.038" /><testcase classname="tests.test_feature_toggles.TestFeatureAccessEnforcement" name="test_ai_clinical_endpoint_access" time="0.030"><failure message="assert 404 in [200, 400, 403, 500]&#10; +  where 404 = &lt;Response [404]&gt;.status_code">tests/test_feature_toggles.py:266: in test_ai_clinical_endpoint_access
    assert response.status_code in [200, 400, 403, 500]
E   assert 404 in [200, 400, 403, 500]
E    +  where 404 = &lt;Response [404]&gt;.status_code</failure></testcase><testcase classname="tests.test_feature_toggles.TestFeatureAccessEnforcement" name="test_protocols_endpoint_access" time="0.039" /><testcase classname="tests.test_feature_toggles.TestFeatureAccessEnforcement" name="test_messaging_endpoint_access" time="0.042" /><testcase classname="tests.test_feature_toggles.TestFeatureAccessEnforcement" name="test_payments_endpoint_access" time="0.036" /><testcase classname="tests.test_feature_toggles.TestFeatureAccessEnforcement" name="test_assistants_endpoint_access" time="0.073" /><testcase classname="tests.test_feature_toggles.TestAssistantScheduleAccess" name="test_assistant_can_view_appointments" time="0.304" /><testcase classname="tests.test_feature_toggles.TestAssistantScheduleAccess" name="test_assistant_can_view_availability" time="0.035"><failure message="assert 403 in [200, 404]&#10; +  where 403 = &lt;Response [403]&gt;.status_code">tests/test_feature_toggles.py:345: in test_assistant_can_view_availability
    assert response.status_code in [200, 404]
E   assert 403 in [200, 404]
E    +  where 403 = &lt;Response [403]&gt;.status_code</failure></testcase><testcase classname="tests.test_feature_toggles.TestAssistantScheduleAccess" name="test_assistant_can_view_blocked_times" time="0.036" /><testcase classname="tests.test_feature_toggles.TestAssistantScheduleAccess" name="test_assistant_can_create_blocked_time" time="0.079" /><testcase classname="tests.test_feature_toggles.TestAssistantScheduleAccess" name="test_assistant_cannot_modify_availability_settings" time="0.033" /><testcase classname="tests.test_feature_toggles.TestAssessmentTrendData" name="test_client_assessments_endpoint" time="0.338"><failure message="assert 404 == 200&#10; +  where 404 = &lt;Response [404]&gt;.status_code">tests/test_feature_toggles.py:428: in test_client_assessments_endpoint
    assert response.status_code == 200
E   assert 404 == 200
E    +  where 404 = &lt;Response [404]&gt;.status_code</failure></testcase><testcase classname="tests.test_feature_toggles.TestCleanup" name="test_cleanup_test_plans" time="0.141" /></testsuite></testsuites>