<?xml version="1.0" encoding="utf-8"?><testsuites name="pytest tests"><testsuite name="pytest" errors="0" failures="7" skipped="3" tests="24" time="2.755" timestamp="2026-01-18T07:55:37.123596+00:00" hostname="agent-env-e3022e24-96a3-4a7f-9f8a-0166f805d5e0"><testcase classname="tests.test_availability.TestAvailabilitySetup" name="test_get_default_availability" time="0.386" /><testcase classname="tests.test_availability.TestAvailabilitySetup" name="test_update_session_duration" time="0.126" /><testcase classname="tests.test_availability.TestAvailabilitySetup" name="test_update_buffer_time" time="0.125" /><testcase classname="tests.test_availability.TestAvailabilitySetup" name="test_enable_day_with_time_blocks" time="0.040" /><testcase classname="tests.test_availability.TestAvailabilitySetup" name="test_update_multiple_days" time="0.039" /><testcase classname="tests.test_availability.TestAvailabilitySetup" name="test_session_duration_validation" time="0.074" /><testcase classname="tests.test_availability.TestAvailabilitySetup" name="test_buffer_time_validation" time="0.114" /><testcase classname="tests.test_availability.TestBlockedTimes" name="test_create_blocked_time" time="0.059" /><testcase classname="tests.test_availability.TestBlockedTimes" name="test_get_blocked_times" time="0.039" /><testcase classname="tests.test_availability.TestBlockedTimes" name="test_delete_blocked_time" time="0.153" /><testcase classname="tests.test_availability.TestBlockedTimes" name="test_blocked_time_validation" time="0.037" /><testcase classname="tests.test_availability.TestAvailableSlots" name="test_generate_slots_for_enabled_day" time="0.105"><failure message="AssertionError: assert 6 == 8&#10; +  where 6 = len([{'duration_minutes': 60, 'end_time': '2026-01-19T10:00:00Z', 'start_time': '2026-01-19T09:00:00Z'}, {'duration_minutes': 60, 'end_time': '2026-01-19T12:00:00Z', 'start_time': '2026-01-19T11:00:00Z'}, {'duration_minutes': 60, 'end_time': '2026-01-19T13:00:00Z', 'start_time': '2026-01-19T12:00:00Z'}, {'duration_minutes': 60, 'end_time': '2026-01-19T14:00:00Z', 'start_time': '2026-01-19T13:00:00Z'}, {'duration_minutes': 60, 'end_time': '2026-01-19T15:00:00Z', 'start_time': '2026-01-19T14:00:00Z'}, {'duration_minutes': 60, 'end_time': '2026-01-19T17:00:00Z', 'start_time': '2026-01-19T16:00:00Z'}])">tests/test_availability.py:345: in test_generate_slots_for_enabled_day
    assert len(slots) == 8
E   AssertionError: assert 6 == 8
E    +  where 6 = len([{'duration_minutes': 60, 'end_time': '2026-01-19T10:00:00Z', 'start_time': '2026-01-19T09:00:00Z'}, {'duration_minutes': 60, 'end_time': '2026-01-19T12:00:00Z', 'start_time': '2026-01-19T11:00:00Z'}, {'duration_minutes': 60, 'end_time': '2026-01-19T13:00:00Z', 'start_time': '2026-01-19T12:00:00Z'}, {'duration_minutes': 60, 'end_time': '2026-01-19T14:00:00Z', 'start_time': '2026-01-19T13:00:00Z'}, {'duration_minutes': 60, 'end_time': '2026-01-19T15:00:00Z', 'start_time': '2026-01-19T14:00:00Z'}, {'duration_minutes': 60, 'end_time': '2026-01-19T17:00:00Z', 'start_time': '2026-01-19T16:00:00Z'}])</failure></testcase><testcase classname="tests.test_availability.TestAvailableSlots" name="test_no_slots_for_disabled_day" time="0.113" /><testcase classname="tests.test_availability.TestAvailableSlots" name="test_slots_with_buffer_time" time="0.153"><failure message="AssertionError: assert 4 &gt;= 6&#10; +  where 4 = len([{'duration_minutes': 60, 'end_time': '2026-01-19T10:00:00Z', 'start_time': '2026-01-19T09:00:00Z'}, {'duration_minutes': 60, 'end_time': '2026-01-19T12:30:00Z', 'start_time': '2026-01-19T11:30:00Z'}, {'duration_minutes': 60, 'end_time': '2026-01-19T13:45:00Z', 'start_time': '2026-01-19T12:45:00Z'}, {'duration_minutes': 60, 'end_time': '2026-01-19T15:00:00Z', 'start_time': '2026-01-19T14:00:00Z'}])">tests/test_availability.py:422: in test_slots_with_buffer_time
    assert len(slots) &gt;= 6
E   AssertionError: assert 4 &gt;= 6
E    +  where 4 = len([{'duration_minutes': 60, 'end_time': '2026-01-19T10:00:00Z', 'start_time': '2026-01-19T09:00:00Z'}, {'duration_minutes': 60, 'end_time': '2026-01-19T12:30:00Z', 'start_time': '2026-01-19T11:30:00Z'}, {'duration_minutes': 60, 'end_time': '2026-01-19T13:45:00Z', 'start_time': '2026-01-19T12:45:00Z'}, {'duration_minutes': 60, 'end_time': '2026-01-19T15:00:00Z', 'start_time': '2026-01-19T14:00:00Z'}])</failure></testcase><testcase classname="tests.test_availability.TestAvailableSlots" name="test_slots_with_different_session_duration" time="0.113"><failure message="AssertionError: assert 6 == 10&#10; +  where 6 = len([{'duration_minutes': 45, 'end_time': '2026-01-19T09:45:00Z', 'start_time': '2026-01-19T09:00:00Z'}, {'duration_minutes': 45, 'end_time': '2026-01-19T12:00:00Z', 'start_time': '2026-01-19T11:15:00Z'}, {'duration_minutes': 45, 'end_time': '2026-01-19T12:45:00Z', 'start_time': '2026-01-19T12:00:00Z'}, {'duration_minutes': 45, 'end_time': '2026-01-19T13:30:00Z', 'start_time': '2026-01-19T12:45:00Z'}, {'duration_minutes': 45, 'end_time': '2026-01-19T14:15:00Z', 'start_time': '2026-01-19T13:30:00Z'}, {'duration_minutes': 45, 'end_time': '2026-01-19T15:00:00Z', 'start_time': '2026-01-19T14:15:00Z'}])">tests/test_availability.py:462: in test_slots_with_different_session_duration
    assert len(slots) == 10
E   AssertionError: assert 6 == 10
E    +  where 6 = len([{'duration_minutes': 45, 'end_time': '2026-01-19T09:45:00Z', 'start_time': '2026-01-19T09:00:00Z'}, {'duration_minutes': 45, 'end_time': '2026-01-19T12:00:00Z', 'start_time': '2026-01-19T11:15:00Z'}, {'duration_minutes': 45, 'end_time': '2026-01-19T12:45:00Z', 'start_time': '2026-01-19T12:00:00Z'}, {'duration_minutes': 45, 'end_time': '2026-01-19T13:30:00Z', 'start_time': '2026-01-19T12:45:00Z'}, {'duration_minutes': 45, 'end_time': '2026-01-19T14:15:00Z', 'start_time': '2026-01-19T13:30:00Z'}, {'duration_minutes': 45, 'end_time': '2026-01-19T15:00:00Z', 'start_time': '2026-01-19T14:15:00Z'}])</failure></testcase><testcase classname="tests.test_availability.TestAvailableSlots" name="test_invalid_date_format" time="0.071" /><testcase classname="tests.test_availability.TestAvailableSlots" name="test_past_date_returns_empty" time="0.074" /><testcase classname="tests.test_availability.TestBlockedTimesPreventSlots" name="test_blocked_time_removes_slots" time="0.198"><failure message="requests.exceptions.JSONDecodeError: Expecting value: line 1 column 1 (char 0)">/root/.venv/lib/python3.11/site-packages/requests/models.py:976: in json
    return complexjson.loads(self.text, **kwargs)
           ^^^^^^^^^^^^^^^^^^^^^^^^^^^^^^^^^^^^^^
/usr/local/lib/python3.11/json/__init__.py:346: in loads
    return _default_decoder.decode(s)
           ^^^^^^^^^^^^^^^^^^^^^^^^^^
/usr/local/lib/python3.11/json/decoder.py:337: in decode
    obj, end = self.raw_decode(s, idx=_w(s, 0).end())
               ^^^^^^^^^^^^^^^^^^^^^^^^^^^^^^^^^^^^^^
/usr/local/lib/python3.11/json/decoder.py:355: in raw_decode
    raise JSONDecodeError("Expecting value", s, err.value) from None
E   json.decoder.JSONDecodeError: Expecting value: line 1 column 1 (char 0)

During handling of the above exception, another exception occurred:
tests/test_availability.py:554: in test_blocked_time_removes_slots
    after_slots = len(after_response.json())
                      ^^^^^^^^^^^^^^^^^^^^^
/root/.venv/lib/python3.11/site-packages/requests/models.py:980: in json
    raise RequestsJSONDecodeError(e.msg, e.doc, e.pos)
E   requests.exceptions.JSONDecodeError: Expecting value: line 1 column 1 (char 0)</failure></testcase><testcase classname="tests.test_availability.TestBookedAppointmentsPreventSlots" name="test_booked_appointment_removes_slot" time="0.109"><failure message="requests.exceptions.JSONDecodeError: Expecting value: line 1 column 1 (char 0)">/root/.venv/lib/python3.11/site-packages/requests/models.py:976: in json
    return complexjson.loads(self.text, **kwargs)
           ^^^^^^^^^^^^^^^^^^^^^^^^^^^^^^^^^^^^^^
/usr/local/lib/python3.11/json/__init__.py:346: in loads
    return _default_decoder.decode(s)
           ^^^^^^^^^^^^^^^^^^^^^^^^^^
/usr/local/lib/python3.11/json/decoder.py:337: in decode
    obj, end = self.raw_decode(s, idx=_w(s, 0).end())
               ^^^^^^^^^^^^^^^^^^^^^^^^^^^^^^^^^^^^^^
/usr/local/lib/python3.11/json/decoder.py:355: in raw_decode
    raise JSONDecodeError("Expecting value", s, err.value) from None
E   json.decoder.JSONDecodeError: Expecting value: line 1 column 1 (char 0)

During handling of the above exception, another exception occurred:
tests/test_availability.py:607: in test_booked_appointment_removes_slot
    initial_slots = len(initial_response.json())
                        ^^^^^^^^^^^^^^^^^^^^^^^
/root/.venv/lib/python3.11/site-packages/requests/models.py:980: in json
    raise RequestsJSONDecodeError(e.msg, e.doc, e.pos)
E   requests.exceptions.JSONDecodeError: Expecting value: line 1 column 1 (char 0)</failure></testcase><testcase classname="tests.test_availability.TestSlotBasedBooking" name="test_book_from_available_slot" time="0.075"><failure message="assert 520 == 200&#10; +  where 520 = &lt;Response [520]&gt;.status_code">tests/test_availability.py:674: in test_book_from_available_slot
    assert slots_response.status_code == 200
E   assert 520 == 200
E    +  where 520 = &lt;Response [520]&gt;.status_code</failure></testcase><testcase classname="tests.test_availability.TestReadOnlyMode" name="test_expired_therapist_cannot_update_availability" time="0.000"><skipped type="pytest.skip" message="No expired therapist available for test">/app/tests/test_availability.py:723: No expired therapist available for test</skipped></testcase><testcase classname="tests.test_availability.TestReadOnlyMode" name="test_expired_therapist_cannot_create_blocked_time" time="0.000"><skipped type="pytest.skip" message="No expired therapist available for test">/app/tests/test_availability.py:740: No expired therapist available for test</skipped></testcase><testcase classname="tests.test_availability.TestReadOnlyMode" name="test_expired_therapist_can_read_availability" time="0.000"><skipped type="pytest.skip" message="No expired therapist available for test">/app/tests/test_availability.py:762: No expired therapist available for test</skipped></testcase><testcase classname="tests.test_availability.TestMultipleTimeBlocks" name="test_multiple_time_blocks_generate_slots" time="0.222"><failure message="assert 520 == 200&#10; +  where 520 = &lt;Response [520]&gt;.status_code">tests/test_availability.py:809: in test_multiple_time_blocks_generate_slots
    assert response.status_code == 200
E   assert 520 == 200
E    +  where 520 = &lt;Response [520]&gt;.status_code</failure></testcase></testsuite></testsuites>