<?xml version="1.0" encoding="utf-8"?><testsuites name="pytest tests"><testsuite name="pytest" errors="0" failures="0" skipped="0" tests="17" time="1.714" timestamp="2026-01-26T07:47:48.630414+00:00" hostname="agent-env-b9054e47-9571-4bd5-a9f7-ef9ae3734d73"><testcase classname="tests.test_scheduler.TestSchedulerAuth" name="test_scheduler_status_requires_auth" time="0.061" /><testcase classname="tests.test_scheduler.TestSchedulerAuth" name="test_scheduler_run_requires_auth" time="0.035" /><testcase classname="tests.test_scheduler.TestSchedulerStatus" name="test_scheduler_status_super_admin" time="0.072" /><testcase classname="tests.test_scheduler.TestSchedulerStatus" name="test_scheduler_status_therapist" time="0.320" /><testcase classname="tests.test_scheduler.TestSchedulerStatus" name="test_scheduler_jobs_details" time="0.036" /><testcase classname="tests.test_scheduler.TestManualJobTrigger" name="test_manual_trigger_super_admin_only" time="0.294" /><testcase classname="tests.test_scheduler.TestManualJobTrigger" name="test_manual_trigger_appointment_reminders" time="0.068" /><testcase classname="tests.test_scheduler.TestManualJobTrigger" name="test_manual_trigger_pending_session_notes" time="0.077" /><testcase classname="tests.test_scheduler.TestManualJobTrigger" name="test_manual_trigger_subscription_expiry" time="0.035" /><testcase classname="tests.test_scheduler.TestManualJobTrigger" name="test_manual_trigger_invalid_job" time="0.033" /><testcase classname="tests.test_scheduler.TestSchedulerLogs" name="test_scheduler_logs_super_admin_only" time="0.295" /><testcase classname="tests.test_scheduler.TestSchedulerLogs" name="test_scheduler_logs_super_admin" time="0.063" /><testcase classname="tests.test_scheduler.TestSchedulerLogs" name="test_scheduler_logs_with_limit" time="0.037" /><testcase classname="tests.test_scheduler.TestSchedulerLogs" name="test_scheduler_logs_filter_by_job" time="0.039" /><testcase classname="tests.test_scheduler.TestJobIntervals" name="test_appointment_reminders_5min_interval" time="0.104" /><testcase classname="tests.test_scheduler.TestJobIntervals" name="test_pending_notes_15min_interval" time="0.032" /><testcase classname="tests.test_scheduler.TestJobIntervals" name="test_subscription_expiry_daily_9am" time="0.032" /></testsuite></testsuites>