<?xml version="1.0" encoding="utf-8"?><testsuites name="pytest tests"><testsuite name="pytest" errors="0" failures="0" skipped="0" tests="11" time="11.113" timestamp="2026-04-04T09:09:17.075288+00:00" hostname="agent-env-256b3267-04ef-4ded-b332-e42b7a346a8e"><testcase classname="tests.test_timezone_fixes.TestTherapistLogin" name="test_therapist_login_success" time="2.859" /><testcase classname="tests.test_timezone_fixes.TestTherapistLogin" name="test_therapist_login_invalid_password" time="0.562" /><testcase classname="tests.test_timezone_fixes.TestAvailableSlots" name="test_available_slots_requires_client_role" time="1.123" /><testcase classname="tests.test_timezone_fixes.TestAvailableSlots" name="test_therapist_availability_endpoint" time="1.386" /><testcase classname="tests.test_timezone_fixes.TestAvailableSlots" name="test_available_slots_timezone_conversion" time="2.282" /><testcase classname="tests.test_timezone_fixes.TestAppointmentsTimezone" name="test_get_appointments_list" time="1.359" /><testcase classname="tests.test_timezone_fixes.TestAppointmentsTimezone" name="test_appointments_date_filtering" time="1.381" /><testcase classname="tests.test_timezone_fixes.TestDateUtilsFunctions" name="test_ist_today_range_utc" time="0.000" /><testcase classname="tests.test_timezone_fixes.TestDateUtilsFunctions" name="test_slot_generation_ist_to_utc" time="0.000" /><testcase classname="tests.test_timezone_fixes.TestMorningBriefingQuery" name="test_date_component_query_logic" time="0.000" /><testcase classname="tests.test_timezone_fixes.TestSuperAdminLogin" name="test_super_admin_login_success" time="0.099" /></testsuite></testsuites>