<?xml version="1.0" encoding="utf-8"?><testsuites name="pytest tests"><testsuite name="pytest" errors="0" failures="0" skipped="0" tests="23" time="9.057" timestamp="2026-01-18T08:17:35.087910+00:00" hostname="agent-env-e3022e24-96a3-4a7f-9f8a-0166f805d5e0"><testcase classname="tests.test_session_notes_recurring.TestSessionNotesCRUD" name="test_p0_1_create_soap_note_all_fields" time="0.493" /><testcase classname="tests.test_session_notes_recurring.TestSessionNotesCRUD" name="test_p0_2_create_dap_note_all_fields" time="0.361" /><testcase classname="tests.test_session_notes_recurring.TestSessionNotesCRUD" name="test_p0_3_link_note_to_appointment" time="0.354" /><testcase classname="tests.test_session_notes_recurring.TestSessionNotesCRUD" name="test_p0_4_edit_session_note" time="0.510" /><testcase classname="tests.test_session_notes_recurring.TestSessionNotesCRUD" name="test_p0_5_delete_session_note" time="0.412" /><testcase classname="tests.test_session_notes_recurring.TestSessionNotesCRUD" name="test_p0_6_filter_notes_by_client" time="0.360" /><testcase classname="tests.test_session_notes_recurring.TestSessionNotesCRUD" name="test_p0_7_view_note_details" time="0.482" /><testcase classname="tests.test_session_notes_recurring.TestRecurringAppointments" name="test_p0_8_create_recurring_pattern" time="0.438" /><testcase classname="tests.test_session_notes_recurring.TestRecurringAppointments" name="test_p0_9_generate_appointments_from_pattern" time="0.462" /><testcase classname="tests.test_session_notes_recurring.TestRecurringAppointments" name="test_p0_10_toggle_recurring_pattern" time="0.541" /><testcase classname="tests.test_session_notes_recurring.TestRecurringAppointments" name="test_p0_11_delete_recurring_pattern" time="0.454" /><testcase classname="tests.test_session_notes_recurring.TestRecurringAppointments" name="test_inactive_pattern_cannot_generate" time="0.523" /><testcase classname="tests.test_session_notes_recurring.TestReadOnlyMode" name="test_p0_12_read_only_mode_check" time="0.376" /><testcase classname="tests.test_session_notes_recurring.TestSessionNotesValidation" name="test_create_note_invalid_client" time="0.347" /><testcase classname="tests.test_session_notes_recurring.TestSessionNotesValidation" name="test_create_note_invalid_appointment" time="0.301" /><testcase classname="tests.test_session_notes_recurring.TestSessionNotesValidation" name="test_get_nonexistent_note" time="0.280" /><testcase classname="tests.test_session_notes_recurring.TestSessionNotesValidation" name="test_update_nonexistent_note" time="0.362" /><testcase classname="tests.test_session_notes_recurring.TestSessionNotesValidation" name="test_delete_nonexistent_note" time="0.326" /><testcase classname="tests.test_session_notes_recurring.TestRecurringAppointmentsValidation" name="test_create_pattern_invalid_day" time="0.276" /><testcase classname="tests.test_session_notes_recurring.TestRecurringAppointmentsValidation" name="test_create_pattern_invalid_client" time="0.336" /><testcase classname="tests.test_session_notes_recurring.TestRecurringAppointmentsValidation" name="test_delete_nonexistent_pattern" time="0.320" /><testcase classname="tests.test_session_notes_recurring.TestRecurringAppointmentsValidation" name="test_generate_nonexistent_pattern" time="0.279" /><testcase classname="tests.test_session_notes_recurring.TestRecurringAppointmentsValidation" name="test_toggle_nonexistent_pattern" time="0.358" /></testsuite></testsuites>