<?xml version="1.0" encoding="utf-8"?><testsuites name="pytest tests"><testsuite name="pytest" errors="0" failures="0" skipped="2" tests="25" time="2.585" timestamp="2026-01-19T11:07:01.507979+00:00" hostname="agent-env-fc1b7358-ca47-468a-94d8-738998970fdc"><testcase classname="tests.test_case_history.TestCaseHistoryCheck" name="test_check_case_history_no_auth" time="0.402" /><testcase classname="tests.test_case_history.TestCaseHistoryCheck" name="test_check_case_history_exists" time="0.045" /><testcase classname="tests.test_case_history.TestCaseHistoryCreate" name="test_create_case_history_no_auth" time="0.046" /><testcase classname="tests.test_case_history.TestCaseHistoryCreate" name="test_create_case_history_minimal" time="0.101" /><testcase classname="tests.test_case_history.TestCaseHistoryCreate" name="test_create_duplicate_case_history_fails" time="0.081" /><testcase classname="tests.test_case_history.TestCaseHistoryGet" name="test_get_case_history_no_auth" time="0.043" /><testcase classname="tests.test_case_history.TestCaseHistoryGet" name="test_get_case_history" time="0.118" /><testcase classname="tests.test_case_history.TestCaseHistoryGet" name="test_get_case_history_not_found" time="0.040" /><testcase classname="tests.test_case_history.TestCaseHistorySectionUpdate" name="test_update_section_no_auth" time="0.041" /><testcase classname="tests.test_case_history.TestCaseHistorySectionUpdate" name="test_update_basic_identification_section" time="0.041" /><testcase classname="tests.test_case_history.TestCaseHistorySectionUpdate" name="test_update_presenting_complaints_section" time="0.077" /><testcase classname="tests.test_case_history.TestCaseHistorySectionUpdate" name="test_update_medical_history_section" time="0.039" /><testcase classname="tests.test_case_history.TestCaseHistorySectionUpdate" name="test_update_mental_status_examination_section" time="0.043" /><testcase classname="tests.test_case_history.TestCaseHistorySectionUpdate" name="test_update_consent_disclaimer_section" time="0.039" /><testcase classname="tests.test_case_history.TestCaseHistorySectionUpdate" name="test_update_invalid_section" time="0.039" /><testcase classname="tests.test_case_history.TestCaseHistoryComplete" name="test_complete_case_history_no_auth" time="0.035" /><testcase classname="tests.test_case_history.TestCaseHistoryComplete" name="test_complete_case_history_missing_name" time="0.088" /><testcase classname="tests.test_case_history.TestCaseHistoryComplete" name="test_complete_case_history_with_all_required_fields" time="0.200" /><testcase classname="tests.test_case_history.TestCaseHistoryComplete" name="test_verify_case_history_is_complete" time="0.050" /><testcase classname="tests.test_case_history.TestSessionNotesBlockedWithoutCaseHistory" name="test_session_notes_blocked_no_case_history" time="0.043"><skipped type="pytest.skip" message="Could not create test client">/app/tests/test_case_history.py:433: Could not create test client</skipped></testcase><testcase classname="tests.test_case_history.TestSessionNotesBlockedWithoutCaseHistory" name="test_session_notes_blocked_incomplete_case_history" time="0.036"><skipped type="pytest.skip" message="Could not create test client">/app/tests/test_case_history.py:460: Could not create test client</skipped></testcase><testcase classname="tests.test_case_history.TestSessionNotesBlockedWithoutCaseHistory" name="test_session_notes_allowed_with_complete_case_history" time="0.126" /><testcase classname="tests.test_case_history.TestCaseHistorySecurity" name="test_client_cannot_access_case_history" time="0.040" /><testcase classname="tests.test_case_history.TestCaseHistorySecurity" name="test_case_history_requires_therapist_role" time="0.040" /><testcase classname="tests.test_case_history.TestCaseHistoryAllSections" name="test_update_all_sections" time="0.505" /></testsuite></testsuites>