<?xml version="1.0" encoding="utf-8"?><testsuites name="pytest tests"><testsuite name="pytest" errors="0" failures="0" skipped="8" tests="12" time="2.913" timestamp="2026-02-12T16:07:36.991787+00:00" hostname="agent-env-a8637628-e353-498a-884b-a1ce5ba42289"><testcase classname="tests.test_payment_debit_and_notifications.TestPaymentDebitFeature" name="test_create_credit_payment" time="2.364"><skipped type="pytest.skip" message="No active therapists found">/app/backend/tests/test_payment_debit_and_notifications.py:101: No active therapists found</skipped></testcase><testcase classname="tests.test_payment_debit_and_notifications.TestPaymentDebitFeature" name="test_create_debit_payment" time="0.000"><skipped type="pytest.skip" message="No active therapists found">/app/backend/tests/test_payment_debit_and_notifications.py:130: No active therapists found</skipped></testcase><testcase classname="tests.test_payment_debit_and_notifications.TestPaymentDebitFeature" name="test_get_payments_includes_transaction_type" time="0.000"><skipped type="pytest.skip" message="No active therapists found">/app/backend/tests/test_payment_debit_and_notifications.py:158: No active therapists found</skipped></testcase><testcase classname="tests.test_payment_debit_and_notifications.TestPaymentDebitFeature" name="test_detailed_report_includes_credit_debit_amounts" time="0.000"><skipped type="pytest.skip" message="No active therapists found">/app/backend/tests/test_payment_debit_and_notifications.py:177: No active therapists found</skipped></testcase><testcase classname="tests.test_payment_debit_and_notifications.TestPaymentDebitFeature" name="test_payment_default_transaction_type_is_credit" time="0.000"><skipped type="pytest.skip" message="No active therapists found">/app/backend/tests/test_payment_debit_and_notifications.py:200: No active therapists found</skipped></testcase><testcase classname="tests.test_payment_debit_and_notifications.TestPaymentDebitFeature" name="test_get_single_payment_includes_transaction_type" time="0.000"><skipped type="pytest.skip" message="No active therapists found">/app/backend/tests/test_payment_debit_and_notifications.py:226: No active therapists found</skipped></testcase><testcase classname="tests.test_payment_debit_and_notifications.TestEmailTemplates" name="test_consent_accepted_template_exists" time="0.131" /><testcase classname="tests.test_payment_debit_and_notifications.TestEmailTemplates" name="test_daily_summary_template_exists" time="0.000" /><testcase classname="tests.test_payment_debit_and_notifications.TestNotificationServiceMethods" name="test_send_consent_accepted_notification_exists" time="0.006" /><testcase classname="tests.test_payment_debit_and_notifications.TestNotificationServiceMethods" name="test_send_daily_summary_exists" time="0.000" /><testcase classname="tests.test_payment_debit_and_notifications.TestPaymentReportsWithTransactionType" name="test_detailed_report_payments_include_transaction_type" time="0.328"><skipped type="pytest.skip" message="No active therapists found">/app/backend/tests/test_payment_debit_and_notifications.py:381: No active therapists found</skipped></testcase><testcase classname="tests.test_payment_debit_and_notifications.TestPaymentReportsWithTransactionType" name="test_by_payment_method_includes_credit_debit" time="0.000"><skipped type="pytest.skip" message="No active therapists found">/app/backend/tests/test_payment_debit_and_notifications.py:398: No active therapists found</skipped></testcase></testsuite></testsuites>