<?xml version="1.0" encoding="utf-8"?><testsuites name="pytest tests"><testsuite name="pytest" errors="0" failures="0" skipped="0" tests="40" time="1.512" timestamp="2026-01-26T08:33:58.360639+00:00" hostname="agent-env-b9054e47-9571-4bd5-a9f7-ef9ae3734d73"><testcase classname="tests.test_whatsapp_integration.TestWhatsAppProviderArchitecture" name="test_twilio_provider_class_exists" time="0.109" /><testcase classname="tests.test_whatsapp_integration.TestWhatsAppProviderArchitecture" name="test_twilio_provider_inherits_base" time="0.000" /><testcase classname="tests.test_whatsapp_integration.TestWhatsAppProviderArchitecture" name="test_twilio_provider_implements_required_methods" time="0.000" /><testcase classname="tests.test_whatsapp_integration.TestWhatsAppProviderArchitecture" name="test_twilio_provider_is_not_available_without_credentials" time="0.000" /><testcase classname="tests.test_whatsapp_integration.TestWhatsAppProviderArchitecture" name="test_twilio_provider_validate_config_fails_without_credentials" time="0.000" /><testcase classname="tests.test_whatsapp_integration.TestWhatsAppProviderArchitecture" name="test_twilio_provider_registered_in_registry" time="0.000" /><testcase classname="tests.test_whatsapp_integration.TestWhatsAppProviderArchitecture" name="test_base_class_has_required_abstract_methods" time="0.000" /><testcase classname="tests.test_whatsapp_integration.TestWhatsAppServiceConvenienceMethods" name="test_service_has_appointment_confirmation_method" time="0.000" /><testcase classname="tests.test_whatsapp_integration.TestWhatsAppServiceConvenienceMethods" name="test_service_has_appointment_reminder_method" time="0.000" /><testcase classname="tests.test_whatsapp_integration.TestWhatsAppServiceConvenienceMethods" name="test_service_has_payment_receipt_method" time="0.000" /><testcase classname="tests.test_whatsapp_integration.TestWhatsAppServiceConvenienceMethods" name="test_service_has_is_configured_method" time="0.000" /><testcase classname="tests.test_whatsapp_integration.TestWhatsAppServiceConvenienceMethods" name="test_service_is_not_configured_without_credentials" time="0.000" /><testcase classname="tests.test_whatsapp_integration.TestWhatsAppTemplates" name="test_twilio_provider_has_appointment_confirmation_template" time="0.000" /><testcase classname="tests.test_whatsapp_integration.TestWhatsAppTemplates" name="test_twilio_provider_has_appointment_reminder_template" time="0.000" /><testcase classname="tests.test_whatsapp_integration.TestWhatsAppTemplates" name="test_twilio_provider_has_payment_receipt_template" time="0.000" /><testcase classname="tests.test_whatsapp_integration.TestWhatsAppTemplates" name="test_templates_contain_no_clinical_content" time="0.000" /><testcase classname="tests.test_whatsapp_integration.TestChannelAvailabilityAPI" name="test_channel_availability_endpoint_exists" time="0.345" /><testcase classname="tests.test_whatsapp_integration.TestChannelAvailabilityAPI" name="test_whatsapp_configured_returns_false" time="0.297" /><testcase classname="tests.test_whatsapp_integration.TestChannelAvailabilityAPI" name="test_channel_availability_response_structure" time="0.294" /><testcase classname="tests.test_whatsapp_integration.TestAppointmentCreationWhatsAppTrigger" name="test_appointment_creation_does_not_fail_without_whatsapp" time="0.373" /><testcase classname="tests.test_whatsapp_integration.TestAppointmentCreationWhatsAppTrigger" name="test_appointments_route_has_whatsapp_import" time="0.000" /><testcase classname="tests.test_whatsapp_integration.TestAppointmentCreationWhatsAppTrigger" name="test_appointments_route_checks_whatsapp_configured" time="0.000" /><testcase classname="tests.test_whatsapp_integration.TestAppointmentCreationWhatsAppTrigger" name="test_appointments_route_calls_send_appointment_confirmation" time="0.000" /><testcase classname="tests.test_whatsapp_integration.TestSchedulerWhatsAppReminder" name="test_scheduler_jobs_file_imports_whatsapp" time="0.000" /><testcase classname="tests.test_whatsapp_integration.TestSchedulerWhatsAppReminder" name="test_scheduler_jobs_checks_whatsapp_configured" time="0.000" /><testcase classname="tests.test_whatsapp_integration.TestSchedulerWhatsAppReminder" name="test_scheduler_jobs_calls_send_appointment_reminder" time="0.000" /><testcase classname="tests.test_whatsapp_integration.TestSchedulerWhatsAppReminder" name="test_scheduler_whatsapp_in_try_except" time="0.000" /><testcase classname="tests.test_whatsapp_integration.TestWhatsAppOptInRequirement" name="test_service_has_check_user_whatsapp_opt_in_method" time="0.000" /><testcase classname="tests.test_whatsapp_integration.TestWhatsAppOptInRequirement" name="test_service_checks_opt_in_in_send_notification" time="0.000" /><testcase classname="tests.test_whatsapp_integration.TestWhatsAppOptInRequirement" name="test_opt_in_defaults_to_false" time="0.000" /><testcase classname="tests.test_whatsapp_integration.TestWhatsAppOptInRequirement" name="test_service_returns_error_without_opt_in" time="0.000" /><testcase classname="tests.test_whatsapp_integration.TestWhatsAppRegistryConfiguration" name="test_registry_is_configured_returns_false_without_providers" time="0.000" /><testcase classname="tests.test_whatsapp_integration.TestWhatsAppRegistryConfiguration" name="test_registry_get_provider_returns_none_without_providers" time="0.000" /><testcase classname="tests.test_whatsapp_integration.TestPhoneNumberNormalization" name="test_normalize_phone_adds_country_code" time="0.000" /><testcase classname="tests.test_whatsapp_integration.TestPhoneNumberNormalization" name="test_normalize_phone_preserves_plus" time="0.000" /><testcase classname="tests.test_whatsapp_integration.TestPhoneNumberNormalization" name="test_normalize_phone_handles_91_prefix" time="0.000" /><testcase classname="tests.test_whatsapp_integration.TestWhatsAppDataModels" name="test_whatsapp_message_model_exists" time="0.000" /><testcase classname="tests.test_whatsapp_integration.TestWhatsAppDataModels" name="test_whatsapp_result_model_exists" time="0.000" /><testcase classname="tests.test_whatsapp_integration.TestWhatsAppDataModels" name="test_whatsapp_message_has_required_fields" time="0.000" /><testcase classname="tests.test_whatsapp_integration.TestWhatsAppDataModels" name="test_whatsapp_result_has_required_fields" time="0.000" /></testsuite></testsuites>