<?xml version="1.0" encoding="utf-8"?><testsuites name="pytest tests"><testsuite name="pytest" errors="0" failures="0" skipped="0" tests="23" time="2.900" timestamp="2026-01-17T19:49:42.663019+00:00" hostname="agent-env-e9eab254-c0a0-4e8e-a9c8-0827a7c30498"><testcase classname="tests.test_subscription_coupon_therapist.TestSubscriptionPlans" name="test_get_subscription_plans" time="0.135" /><testcase classname="tests.test_subscription_coupon_therapist.TestSubscriptionPlans" name="test_create_subscription_plan" time="0.045" /><testcase classname="tests.test_subscription_coupon_therapist.TestSubscriptionPlans" name="test_create_and_delete_subscription_plan" time="0.117" /><testcase classname="tests.test_subscription_coupon_therapist.TestSubscriptionPlans" name="test_delete_nonexistent_plan" time="0.048" /><testcase classname="tests.test_subscription_coupon_therapist.TestCouponCodes" name="test_get_coupons" time="0.041" /><testcase classname="tests.test_subscription_coupon_therapist.TestCouponCodes" name="test_create_coupon" time="0.036" /><testcase classname="tests.test_subscription_coupon_therapist.TestCouponCodes" name="test_create_duplicate_coupon_fails" time="0.079" /><testcase classname="tests.test_subscription_coupon_therapist.TestCouponCodes" name="test_create_and_delete_coupon" time="0.114" /><testcase classname="tests.test_subscription_coupon_therapist.TestManualTherapistCreation" name="test_create_therapist_manually" time="0.270" /><testcase classname="tests.test_subscription_coupon_therapist.TestManualTherapistCreation" name="test_create_therapist_invalid_mobile" time="0.080" /><testcase classname="tests.test_subscription_coupon_therapist.TestManualTherapistCreation" name="test_create_therapist_duplicate_mobile" time="0.308" /><testcase classname="tests.test_subscription_coupon_therapist.TestEditTherapist" name="test_update_therapist" time="0.403" /><testcase classname="tests.test_subscription_coupon_therapist.TestEditTherapist" name="test_update_nonexistent_therapist" time="0.039" /><testcase classname="tests.test_subscription_coupon_therapist.TestTherapistDetail" name="test_get_therapist_detail" time="0.343" /><testcase classname="tests.test_subscription_coupon_therapist.TestTherapistDetail" name="test_get_nonexistent_therapist_detail" time="0.043" /><testcase classname="tests.test_subscription_coupon_therapist.TestTherapistClients" name="test_get_therapist_clients" time="0.307" /><testcase classname="tests.test_subscription_coupon_therapist.TestTherapistClients" name="test_get_nonexistent_therapist_clients" time="0.080" /><testcase classname="tests.test_subscription_coupon_therapist.TestFullClientDetails" name="test_get_all_clients_with_therapist_name" time="0.036" /><testcase classname="tests.test_subscription_coupon_therapist.TestFullClientDetails" name="test_get_specific_client_detail" time="0.076" /><testcase classname="tests.test_subscription_coupon_therapist.TestFullClientDetails" name="test_get_nonexistent_client_detail" time="0.039" /><testcase classname="tests.test_subscription_coupon_therapist.TestEndpointAuthentication" name="test_subscription_plans_requires_auth" time="0.045" /><testcase classname="tests.test_subscription_coupon_therapist.TestEndpointAuthentication" name="test_coupons_requires_auth" time="0.036" /><testcase classname="tests.test_subscription_coupon_therapist.TestEndpointAuthentication" name="test_create_therapist_requires_auth" time="0.034" /></testsuite></testsuites>