<?xml version="1.0" encoding="utf-8"?><testsuites name="pytest tests"><testsuite name="pytest" errors="0" failures="0" skipped="0" tests="19" time="45.079" timestamp="2026-01-19T09:30:28.417605+00:00" hostname="agent-env-fc1b7358-ca47-468a-94d8-738998970fdc"><testcase classname="tests.test_ai_clinical_support.TestAIClinicalSupport" name="test_ai_suggest_assessments_with_query" time="3.213" /><testcase classname="tests.test_ai_clinical_support.TestAIClinicalSupport" name="test_ai_suggest_assessments_with_client" time="3.175" /><testcase classname="tests.test_ai_clinical_support.TestAIClinicalSupport" name="test_ai_suggest_assessments_no_input" time="0.397" /><testcase classname="tests.test_ai_clinical_support.TestAIClinicalSupport" name="test_ai_generate_protocol_with_query" time="10.864" /><testcase classname="tests.test_ai_clinical_support.TestAIClinicalSupport" name="test_ai_generate_protocol_with_client" time="9.146" /><testcase classname="tests.test_ai_clinical_support.TestAIClinicalSupport" name="test_ai_generate_protocol_no_input" time="0.385" /><testcase classname="tests.test_ai_clinical_support.TestAIClinicalSupport" name="test_ai_generate_homework" time="3.826" /><testcase classname="tests.test_ai_clinical_support.TestAIClinicalSupport" name="test_ai_generate_homework_different_types" time="10.744" /><testcase classname="tests.test_ai_clinical_support.TestAIClinicalSupport" name="test_ai_generate_homework_no_client" time="0.376" /><testcase classname="tests.test_ai_clinical_support.TestResourceLibrary" name="test_create_resource" time="0.384" /><testcase classname="tests.test_ai_clinical_support.TestResourceLibrary" name="test_get_resources" time="0.357" /><testcase classname="tests.test_ai_clinical_support.TestResourceLibrary" name="test_get_resources_by_category" time="0.340" /><testcase classname="tests.test_ai_clinical_support.TestResourceLibrary" name="test_assign_resource_to_client" time="0.512" /><testcase classname="tests.test_ai_clinical_support.TestResourceLibrary" name="test_get_resource_assignments" time="0.357" /><testcase classname="tests.test_ai_clinical_support.TestResourceLibrary" name="test_delete_resource" time="0.415" /><testcase classname="tests.test_ai_clinical_support.TestAIEndpointsAuth" name="test_ai_suggest_assessments_no_auth" time="0.037" /><testcase classname="tests.test_ai_clinical_support.TestAIEndpointsAuth" name="test_ai_generate_protocol_no_auth" time="0.046" /><testcase classname="tests.test_ai_clinical_support.TestAIEndpointsAuth" name="test_ai_generate_homework_no_auth" time="0.039" /><testcase classname="tests.test_ai_clinical_support.TestAIEndpointsAuth" name="test_resources_no_auth" time="0.410" /></testsuite></testsuites>