<?xml version="1.0" encoding="utf-8"?><testsuites name="pytest tests"><testsuite name="pytest" errors="0" failures="0" skipped="0" tests="20" time="56.358" timestamp="2026-01-18T07:34:38.450203+00:00" hostname="agent-env-e3022e24-96a3-4a7f-9f8a-0166f805d5e0"><testcase classname="tests.test_appointments.TestAppointmentSetup" name="test_therapist_login" time="0.278" /><testcase classname="tests.test_appointments.TestAppointmentSetup" name="test_get_clients_list" time="0.036" /><testcase classname="tests.test_appointments.TestAppointmentCRUD" name="test_create_appointment" time="0.341" /><testcase classname="tests.test_appointments.TestAppointmentCRUD" name="test_get_appointments_list" time="0.040" /><testcase classname="tests.test_appointments.TestAppointmentCRUD" name="test_get_single_appointment" time="0.076" /><testcase classname="tests.test_appointments.TestAppointmentCRUD" name="test_update_appointment_reschedule" time="0.109" /><testcase classname="tests.test_appointments.TestAppointmentCRUD" name="test_update_appointment_notes" time="0.187" /><testcase classname="tests.test_appointments.TestAppointmentCRUD" name="test_delete_appointment" time="0.106" /><testcase classname="tests.test_appointments.TestAppointmentStatus" name="test_complete_appointment" time="0.450" /><testcase classname="tests.test_appointments.TestAppointmentStatus" name="test_cancel_appointment" time="0.151" /><testcase classname="tests.test_appointments.TestAppointmentStatus" name="test_cannot_complete_cancelled_appointment" time="0.112" /><testcase classname="tests.test_appointments.TestAppointmentStatus" name="test_cannot_cancel_completed_appointment" time="0.108" /><testcase classname="tests.test_appointments.TestDoubleBookingPrevention" name="test_double_booking_exact_overlap" time="0.412" /><testcase classname="tests.test_appointments.TestDoubleBookingPrevention" name="test_double_booking_partial_overlap" time="0.115" /><testcase classname="tests.test_appointments.TestDoubleBookingPrevention" name="test_cancelled_appointments_allow_rebooking" time="0.142" /><testcase classname="tests.test_appointments.TestDoubleBookingPrevention" name="test_adjacent_appointments_allowed" time="0.159" /><testcase classname="tests.test_appointments.TestReadOnlyMode" name="test_active_therapist_can_create_appointments" time="0.297" /><testcase classname="tests.test_appointments.TestAppointmentValidation" name="test_end_time_must_be_after_start_time" time="0.371" /><testcase classname="tests.test_appointments.TestAppointmentValidation" name="test_invalid_client_id_rejected" time="0.036" /><testcase classname="tests.test_appointments.TestAppointmentValidation" name="test_appointment_not_found" time="52.750" /></testsuite></testsuites>