<?xml version="1.0" encoding="utf-8"?><testsuites name="pytest tests"><testsuite name="pytest" errors="0" failures="0" skipped="0" tests="20" time="5.639" timestamp="2026-01-20T10:50:35.475502+00:00" hostname="agent-env-4bd80e27-9623-4bc2-9b88-d19daad89072"><testcase classname="tests.test_feature_toggles.TestSubscriptionPlansFeatureToggles" name="test_admin_can_list_subscription_plans" time="0.150" /><testcase classname="tests.test_feature_toggles.TestSubscriptionPlansFeatureToggles" name="test_admin_can_create_plan_with_feature_toggles" time="0.038" /><testcase classname="tests.test_feature_toggles.TestSubscriptionPlansFeatureToggles" name="test_admin_can_update_feature_toggles" time="0.111" /><testcase classname="tests.test_feature_toggles.TestSubscriptionStatusEndpoint" name="test_therapist_gets_subscription_status" time="0.302" /><testcase classname="tests.test_feature_toggles.TestSubscriptionStatusEndpoint" name="test_assistant_gets_linked_therapist_subscription_status" time="0.299" /><testcase classname="tests.test_feature_toggles.TestSubscriptionStatusEndpoint" name="test_expiry_warning_calculation" time="0.036" /><testcase classname="tests.test_feature_toggles.TestFeatureAccessEnforcement" name="test_session_notes_endpoint_access" time="0.301" /><testcase classname="tests.test_feature_toggles.TestFeatureAccessEnforcement" name="test_assessments_endpoint_access" time="0.041" /><testcase classname="tests.test_feature_toggles.TestFeatureAccessEnforcement" name="test_ai_clinical_endpoint_access" time="3.140" /><testcase classname="tests.test_feature_toggles.TestFeatureAccessEnforcement" name="test_protocols_endpoint_access" time="0.042" /><testcase classname="tests.test_feature_toggles.TestFeatureAccessEnforcement" name="test_messaging_endpoint_access" time="0.037" /><testcase classname="tests.test_feature_toggles.TestFeatureAccessEnforcement" name="test_payments_endpoint_access" time="0.038" /><testcase classname="tests.test_feature_toggles.TestFeatureAccessEnforcement" name="test_assistants_endpoint_access" time="0.043" /><testcase classname="tests.test_feature_toggles.TestAssistantScheduleAccess" name="test_assistant_can_view_appointments" time="0.300" /><testcase classname="tests.test_feature_toggles.TestAssistantScheduleAccess" name="test_assistant_can_view_availability" time="0.037" /><testcase classname="tests.test_feature_toggles.TestAssistantScheduleAccess" name="test_assistant_can_view_blocked_times" time="0.036" /><testcase classname="tests.test_feature_toggles.TestAssistantScheduleAccess" name="test_assistant_can_create_blocked_time" time="0.078" /><testcase classname="tests.test_feature_toggles.TestAssistantScheduleAccess" name="test_assistant_cannot_modify_availability_settings" time="0.051" /><testcase classname="tests.test_feature_toggles.TestAssessmentTrendData" name="test_client_assessments_endpoint" time="0.340" /><testcase classname="tests.test_feature_toggles.TestCleanup" name="test_cleanup_test_plans" time="0.145" /></testsuite></testsuites>