<?xml version="1.0" encoding="utf-8"?><testsuites name="pytest tests"><testsuite name="pytest" errors="0" failures="0" skipped="2" tests="12" time="20.774" timestamp="2026-02-12T16:08:18.797383+00:00" hostname="agent-env-a8637628-e353-498a-884b-a1ce5ba42289"><testcase classname="tests.test_payment_debit_and_notifications.TestPaymentDebitFeature" name="test_create_credit_payment" time="11.513" /><testcase classname="tests.test_payment_debit_and_notifications.TestPaymentDebitFeature" name="test_create_debit_payment" time="3.564" /><testcase classname="tests.test_payment_debit_and_notifications.TestPaymentDebitFeature" name="test_get_payments_includes_transaction_type" time="0.504" /><testcase classname="tests.test_payment_debit_and_notifications.TestPaymentDebitFeature" name="test_detailed_report_includes_credit_debit_amounts" time="0.510" /><testcase classname="tests.test_payment_debit_and_notifications.TestPaymentDebitFeature" name="test_payment_default_transaction_type_is_credit" time="3.633" /><testcase classname="tests.test_payment_debit_and_notifications.TestPaymentDebitFeature" name="test_get_single_payment_includes_transaction_type" time="0.531" /><testcase classname="tests.test_payment_debit_and_notifications.TestEmailTemplates" name="test_consent_accepted_template_exists" time="0.128" /><testcase classname="tests.test_payment_debit_and_notifications.TestEmailTemplates" name="test_daily_summary_template_exists" time="0.000" /><testcase classname="tests.test_payment_debit_and_notifications.TestNotificationServiceMethods" name="test_send_consent_accepted_notification_exists" time="0.005" /><testcase classname="tests.test_payment_debit_and_notifications.TestNotificationServiceMethods" name="test_send_daily_summary_exists" time="0.000" /><testcase classname="tests.test_payment_debit_and_notifications.TestPaymentReportsWithTransactionType" name="test_detailed_report_payments_include_transaction_type" time="0.314"><skipped type="pytest.skip" message="No active therapists found">/app/backend/tests/test_payment_debit_and_notifications.py:388: No active therapists found</skipped></testcase><testcase classname="tests.test_payment_debit_and_notifications.TestPaymentReportsWithTransactionType" name="test_by_payment_method_includes_credit_debit" time="0.000"><skipped type="pytest.skip" message="No active therapists found">/app/backend/tests/test_payment_debit_and_notifications.py:405: No active therapists found</skipped></testcase></testsuite></testsuites>