<?xml version="1.0" encoding="utf-8"?><testsuites name="pytest tests"><testsuite name="pytest" errors="0" failures="1" skipped="1" tests="19" time="12.052" timestamp="2026-01-18T13:34:14.985560+00:00" hostname="agent-env-384d61ed-24cf-4160-8fb6-813819ab7b94"><testcase classname="tests.test_assistant_role.TestAssistantCRUD" name="test_create_assistant" time="0.700" /><testcase classname="tests.test_assistant_role.TestAssistantCRUD" name="test_create_assistant_duplicate_email" time="0.447" /><testcase classname="tests.test_assistant_role.TestAssistantCRUD" name="test_get_assistants" time="0.436" /><testcase classname="tests.test_assistant_role.TestAssistantCRUD" name="test_suspend_assistant" time="0.521" /><testcase classname="tests.test_assistant_role.TestAssistantCRUD" name="test_activate_assistant" time="0.468" /><testcase classname="tests.test_assistant_role.TestAssistantCRUD" name="test_delete_assistant" time="0.390" /><testcase classname="tests.test_assistant_role.TestAssistantLogin" name="test_assistant_login_with_email" time="0.598" /><testcase classname="tests.test_assistant_role.TestAssistantLogin" name="test_suspended_assistant_cannot_login" time="0.655" /><testcase classname="tests.test_assistant_role.TestAssistantAccessControl" name="test_assistant_can_view_clients" time="0.658" /><testcase classname="tests.test_assistant_role.TestAssistantAccessControl" name="test_assistant_can_create_appointment" time="0.794" /><testcase classname="tests.test_assistant_role.TestAssistantAccessControl" name="test_assistant_can_cancel_appointment" time="0.758" /><testcase classname="tests.test_assistant_role.TestAssistantAccessControl" name="test_assistant_can_view_appointments" time="0.673" /><testcase classname="tests.test_assistant_role.TestAssistantAccessControl" name="test_assistant_cannot_access_session_notes" time="0.651" /><testcase classname="tests.test_assistant_role.TestAssistantAccessControl" name="test_assistant_cannot_access_availability" time="0.594" /><testcase classname="tests.test_assistant_role.TestAssistantAccessControl" name="test_assistant_cannot_send_messages" time="0.643"><skipped type="pytest.xfail" message="BUG: Assistants can send messages but should be blocked per requirements" /></testcase><testcase classname="tests.test_assistant_role.TestAssistantAccessControl" name="test_assistant_cannot_access_assessments" time="0.622" /><testcase classname="tests.test_assistant_role.TestAssistantAccessControl" name="test_assistant_cannot_access_protocols" time="0.797" /><testcase classname="tests.test_assistant_role.TestAssistantAccessControl" name="test_assistant_cannot_reassign_client" time="1.141"><failure message="AssertionError: Expected 200 for valid update, got 404: {&quot;detail&quot;:&quot;Client not found or not assigned to you&quot;}&#10;assert 404 == 200&#10; +  where 404 = &lt;Response [404]&gt;.status_code">tests/test_assistant_role.py:525: in test_assistant_cannot_reassign_client
    assert response.status_code == 200, f"Expected 200 for valid update, got {response.status_code}: {response.text}"
E   AssertionError: Expected 200 for valid update, got 404: {"detail":"Client not found or not assigned to you"}
E   assert 404 == 200
E    +  where 404 = &lt;Response [404]&gt;.status_code</failure></testcase><testcase classname="tests.test_assistant_role.TestAssistantAuditLogging" name="test_assistant_creation_logged" time="0.348" /></testsuite></testsuites>