<?xml version="1.0" encoding="utf-8"?><testsuites name="pytest tests"><testsuite name="pytest" errors="0" failures="0" skipped="0" tests="12" time="0.965" timestamp="2026-01-26T06:54:20.803928+00:00" hostname="agent-env-b9054e47-9571-4bd5-a9f7-ef9ae3734d73"><testcase classname="backend.tests.test_notification_settings.TestNotificationSettingsChannelAvailability" name="test_get_channel_availability_success" time="0.360" /><testcase classname="backend.tests.test_notification_settings.TestNotificationSettingsChannelAvailability" name="test_channel_availability_requires_auth" time="0.037" /><testcase classname="backend.tests.test_notification_settings.TestNotificationSettingsEvents" name="test_get_events_success" time="0.042" /><testcase classname="backend.tests.test_notification_settings.TestNotificationSettingsEvents" name="test_events_contain_expected_types" time="0.077" /><testcase classname="backend.tests.test_notification_settings.TestNotificationSettingsEvents" name="test_email_allowed_whatsapp_disabled" time="0.037" /><testcase classname="backend.tests.test_notification_settings.TestNotificationSettingsEvents" name="test_events_requires_auth" time="0.041" /><testcase classname="backend.tests.test_notification_settings.TestNotificationSettingsPreferenceUpdate" name="test_update_email_preference_disable" time="0.074" /><testcase classname="backend.tests.test_notification_settings.TestNotificationSettingsPreferenceUpdate" name="test_update_email_preference_enable" time="0.080" /><testcase classname="backend.tests.test_notification_settings.TestNotificationSettingsPreferenceUpdate" name="test_update_invalid_event_key" time="0.039" /><testcase classname="backend.tests.test_notification_settings.TestNotificationSettingsPreferenceUpdate" name="test_enable_whatsapp_when_not_allowed" time="0.043" /><testcase classname="backend.tests.test_notification_settings.TestNotificationSettingsPreferenceUpdate" name="test_preference_update_requires_auth" time="0.034" /><testcase classname="backend.tests.test_notification_settings.TestNotificationSettingsBulkUpdate" name="test_bulk_update_preferences" time="0.037" /></testsuite></testsuites>