<?xml version="1.0" encoding="utf-8"?><testsuites name="pytest tests"><testsuite name="pytest" errors="0" failures="1" skipped="0" tests="12" time="5.519" timestamp="2026-01-20T17:00:41.905092+00:00" hostname="agent-env-936bb2d1-3005-4547-8e44-c0ab9de1554f"><testcase classname="tests.test_homework.TestHomeworkFeature" name="test_therapist_login" time="0.298" /><testcase classname="tests.test_homework.TestHomeworkFeature" name="test_create_homework_with_all_fields" time="0.313" /><testcase classname="tests.test_homework.TestHomeworkFeature" name="test_create_homework_with_default_priority" time="0.348" /><testcase classname="tests.test_homework.TestHomeworkFeature" name="test_create_homework_low_priority" time="0.389" /><testcase classname="tests.test_homework.TestHomeworkFeature" name="test_get_homework_list" time="0.352" /><testcase classname="tests.test_homework.TestHomeworkFeature" name="test_update_homework" time="0.352" /><testcase classname="tests.test_homework.TestHomeworkFeature" name="test_delete_homework" time="0.345" /><testcase classname="tests.test_homework.TestHomeworkFeature" name="test_client_can_view_homework" time="0.590" /><testcase classname="tests.test_homework.TestHomeworkFeature" name="test_client_can_complete_homework" time="0.593"><failure message="AssertionError: Complete homework failed: {&quot;detail&quot;:&quot;Homework not found&quot;}&#10;assert 404 == 200&#10; +  where 404 = &lt;Response [404]&gt;.status_code">tests/test_homework.py:363: in test_client_can_complete_homework
    assert complete_response.status_code == 200, f"Complete homework failed: {complete_response.text}"
E   AssertionError: Complete homework failed: {"detail":"Homework not found"}
E   assert 404 == 200
E    +  where 404 = &lt;Response [404]&gt;.status_code</failure></testcase><testcase classname="tests.test_homework.TestHomeworkFeature" name="test_assistant_cannot_create_homework" time="0.567" /><testcase classname="tests.test_homework.TestHomeworkFeature" name="test_assistant_cannot_update_homework" time="0.614" /><testcase classname="tests.test_homework.TestHomeworkFeature" name="test_assistant_cannot_delete_homework" time="0.611" /></testsuite></testsuites>