<?xml version="1.0" encoding="utf-8"?><testsuites name="pytest tests"><testsuite name="pytest" errors="0" failures="1" skipped="3" tests="12" time="1.607" timestamp="2026-01-17T19:11:47.812705+00:00" hostname="agent-env-e9eab254-c0a0-4e8e-a9c8-0827a7c30498"><testcase classname="tests.test_admin_and_auth.TestSuperAdminLogin" name="test_super_admin_login_success" time="0.064" /><testcase classname="tests.test_admin_and_auth.TestSuperAdminLogin" name="test_super_admin_login_invalid_credentials" time="0.045" /><testcase classname="tests.test_admin_and_auth.TestTherapistApplicationFlow" name="test_therapist_application_submit" time="0.039"><failure message="AssertionError: Expected 200, got 400: {&quot;detail&quot;:&quot;Mobile number must be exactly 10 digits&quot;}&#10;assert 400 == 200&#10; +  where 400 = &lt;Response [400]&gt;.status_code">tests/test_admin_and_auth.py:75: in test_therapist_application_submit
    assert response.status_code == 200, f"Expected 200, got {response.status_code}: {response.text}"
E   AssertionError: Expected 200, got 400: {"detail":"Mobile number must be exactly 10 digits"}
E   assert 400 == 200
E    +  where 400 = &lt;Response [400]&gt;.status_code</failure></testcase><testcase classname="tests.test_admin_and_auth.TestTherapistApplicationFlow" name="test_get_therapist_applications" time="0.068" /><testcase classname="tests.test_admin_and_auth.TestTherapistApplicationFlow" name="test_get_therapist_applications_without_auth" time="0.033" /><testcase classname="tests.test_admin_and_auth.TestTherapistApplicationFlow" name="test_approve_therapist_application" time="0.345" /><testcase classname="tests.test_admin_and_auth.TestTherapistManagement" name="test_get_all_therapists" time="0.077" /><testcase classname="tests.test_admin_and_auth.TestTherapistManagement" name="test_suspend_therapist" time="0.112"><skipped type="pytest.skip" message="Could not submit application: {&quot;detail&quot;:&quot;Mobile number must be exactly 10 digits&quot;}">/app/tests/test_admin_and_auth.py:197: Could not submit application: {"detail":"Mobile number must be exactly 10 digits"}</skipped></testcase><testcase classname="tests.test_admin_and_auth.TestTherapistManagement" name="test_activate_therapist" time="0.403" /><testcase classname="tests.test_admin_and_auth.TestClientEndpoint" name="test_get_clients_no_crash" time="0.063"><skipped type="pytest.skip" message="Could not submit application: {&quot;detail&quot;:&quot;Mobile number must be exactly 10 digits&quot;}">/app/tests/test_admin_and_auth.py:287: Could not submit application: {"detail":"Mobile number must be exactly 10 digits"}</skipped></testcase><testcase classname="tests.test_admin_and_auth.TestApprovedTherapistLogin" name="test_approved_therapist_login_with_mobile" time="0.108"><skipped type="pytest.skip" message="Could not submit application: {&quot;detail&quot;:&quot;Mobile number must be exactly 10 digits&quot;}">/app/tests/test_admin_and_auth.py:348: Could not submit application: {"detail":"Mobile number must be exactly 10 digits"}</skipped></testcase><testcase classname="tests.test_admin_and_auth.TestAdminClientsEndpoint" name="test_admin_get_all_clients" time="0.112" /></testsuite></testsuites>