<?xml version="1.0" encoding="utf-8"?><testsuites name="pytest tests"><testsuite name="pytest" errors="0" failures="2" skipped="1" tests="28" time="2.790" timestamp="2026-01-18T12:50:05.710037+00:00" hostname="agent-env-384d61ed-24cf-4160-8fb6-813819ab7b94"><testcase classname="tests.test_appointment_calendar_regression.TestAvailabilitySettings" name="test_get_availability" time="0.335" /><testcase classname="tests.test_appointment_calendar_regression.TestAvailabilitySettings" name="test_update_availability_with_multiple_time_blocks" time="0.044" /><testcase classname="tests.test_appointment_calendar_regression.TestAvailabilitySettings" name="test_update_session_duration_validation" time="0.118" /><testcase classname="tests.test_appointment_calendar_regression.TestAvailabilitySettings" name="test_update_buffer_time_validation" time="0.112" /><testcase classname="tests.test_appointment_calendar_regression.TestSlotGeneration" name="test_get_available_slots_for_enabled_day" time="0.105" /><testcase classname="tests.test_appointment_calendar_regression.TestSlotGeneration" name="test_get_available_slots_for_disabled_day" time="0.081" /><testcase classname="tests.test_appointment_calendar_regression.TestSlotGeneration" name="test_get_available_slots_past_date" time="0.038" /><testcase classname="tests.test_appointment_calendar_regression.TestSlotGeneration" name="test_get_available_slots_invalid_date_format" time="0.037" /><testcase classname="tests.test_appointment_calendar_regression.TestAppointmentCRUD" name="test_create_appointment" time="0.074" /><testcase classname="tests.test_appointment_calendar_regression.TestAppointmentCRUD" name="test_create_appointment_invalid_times" time="0.033" /><testcase classname="tests.test_appointment_calendar_regression.TestAppointmentCRUD" name="test_get_appointments" time="0.036" /><testcase classname="tests.test_appointment_calendar_regression.TestAppointmentCRUD" name="test_update_appointment" time="0.037"><skipped type="pytest.skip" message="No appointment created for update test">/app/tests/test_appointment_calendar_regression.py:309: No appointment created for update test</skipped></testcase><testcase classname="tests.test_appointment_calendar_regression.TestAppointmentCRUD" name="test_delete_appointment" time="0.118" /><testcase classname="tests.test_appointment_calendar_regression.TestDoubleBookingPrevention" name="test_double_booking_prevention_on_create" time="0.111" /><testcase classname="tests.test_appointment_calendar_regression.TestDoubleBookingPrevention" name="test_double_booking_prevention_on_update" time="0.185" /><testcase classname="tests.test_appointment_calendar_regression.TestAppointmentStatusChanges" name="test_complete_appointment" time="0.142" /><testcase classname="tests.test_appointment_calendar_regression.TestAppointmentStatusChanges" name="test_cancel_appointment" time="0.184" /><testcase classname="tests.test_appointment_calendar_regression.TestAppointmentStatusChanges" name="test_cannot_complete_cancelled_appointment" time="0.076"><failure message="AssertionError: Create failed: {&quot;detail&quot;:&quot;Time slot already booked. Please choose a different time.&quot;}&#10;assert 400 in [200, 201]&#10; +  where 400 = &lt;Response [400]&gt;.status_code">tests/test_appointment_calendar_regression.py:524: in test_cannot_complete_cancelled_appointment
    assert create_response.status_code in [200, 201], f"Create failed: {create_response.text}"
E   AssertionError: Create failed: {"detail":"Time slot already booked. Please choose a different time."}
E   assert 400 in [200, 201]
E    +  where 400 = &lt;Response [400]&gt;.status_code</failure></testcase><testcase classname="tests.test_appointment_calendar_regression.TestAppointmentStatusChanges" name="test_cannot_cancel_completed_appointment" time="0.033"><failure message="AssertionError: Create failed: {&quot;detail&quot;:&quot;Time slot already booked. Please choose a different time.&quot;}&#10;assert 400 in [200, 201]&#10; +  where 400 = &lt;Response [400]&gt;.status_code">tests/test_appointment_calendar_regression.py:554: in test_cannot_cancel_completed_appointment
    assert create_response.status_code in [200, 201], f"Create failed: {create_response.text}"
E   AssertionError: Create failed: {"detail":"Time slot already booked. Please choose a different time."}
E   assert 400 in [200, 201]
E    +  where 400 = &lt;Response [400]&gt;.status_code</failure></testcase><testcase classname="tests.test_appointment_calendar_regression.TestBlockedTimeCRUD" name="test_create_blocked_time" time="0.071" /><testcase classname="tests.test_appointment_calendar_regression.TestBlockedTimeCRUD" name="test_create_blocked_time_invalid_times" time="0.033" /><testcase classname="tests.test_appointment_calendar_regression.TestBlockedTimeCRUD" name="test_get_blocked_times" time="0.034" /><testcase classname="tests.test_appointment_calendar_regression.TestBlockedTimeCRUD" name="test_delete_blocked_time" time="0.113" /><testcase classname="tests.test_appointment_calendar_regression.TestBlockedTimeCRUD" name="test_blocked_time_prevents_slot_generation" time="0.178" /><testcase classname="tests.test_appointment_calendar_regression.TestReadOnlyMode" name="test_subscription_status_endpoint" time="0.078" /><testcase classname="tests.test_appointment_calendar_regression.TestReadOnlyMode" name="test_active_subscription_allows_writes" time="0.110" /><testcase classname="tests.test_appointment_calendar_regression.TestCleanup" name="test_cleanup_test_appointments" time="0.106" /><testcase classname="tests.test_appointment_calendar_regression.TestCleanup" name="test_cleanup_test_blocked_times" time="0.035" /></testsuite></testsuites>