<?xml version="1.0" encoding="utf-8"?><testsuites name="pytest tests"><testsuite name="pytest" errors="0" failures="0" skipped="0" tests="14" time="2.423" timestamp="2026-01-20T18:59:43.873978+00:00" hostname="agent-env-d2687831-1ca8-4933-9d43-4869a197d4cb"><testcase classname="tests.test_refactored_features.TestAuth" name="test_therapist_login" time="0.288" /><testcase classname="tests.test_refactored_features.TestAssessments" name="test_get_assessments_list" time="0.300" /><testcase classname="tests.test_refactored_features.TestAssessments" name="test_get_assessment_library" time="0.033" /><testcase classname="tests.test_refactored_features.TestAssessments" name="test_get_custom_assessments" time="0.044" /><testcase classname="tests.test_refactored_features.TestProtocols" name="test_get_protocols_list" time="0.290" /><testcase classname="tests.test_refactored_features.TestProtocols" name="test_get_protocol_templates" time="0.036" /><testcase classname="tests.test_refactored_features.TestRecurringAppointments" name="test_get_recurring_patterns_list" time="0.297" /><testcase classname="tests.test_refactored_features.TestMessaging" name="test_get_messaging_contacts" time="0.301" /><testcase classname="tests.test_refactored_features.TestMessaging" name="test_get_messages" time="0.036" /><testcase classname="tests.test_refactored_features.TestMessaging" name="test_get_unread_count" time="0.032" /><testcase classname="tests.test_refactored_features.TestAvailability" name="test_get_availability" time="0.350" /><testcase classname="tests.test_refactored_features.TestAvailability" name="test_get_blocked_times" time="0.038" /><testcase classname="tests.test_refactored_features.TestAvailability" name="test_get_blocked_time_alternate_endpoint" time="0.036" /><testcase classname="tests.test_refactored_features.TestSessionNotes" name="test_get_session_notes" time="0.292" /></testsuite></testsuites>