<?xml version="1.0" encoding="utf-8"?><testsuites name="pytest tests"><testsuite name="pytest" errors="0" failures="0" skipped="0" tests="17" time="5.508" timestamp="2026-01-20T13:19:59.039775+00:00" hostname="agent-env-610b84b6-3586-4d27-ab0b-fc7f63f6de81"><testcase classname="tests.test_assistant_dashboard.TestAssistantLogin" name="test_assistant_login_success" time="0.296" /><testcase classname="tests.test_assistant_dashboard.TestAssistantLogin" name="test_assistant_login_invalid_password" time="0.258" /><testcase classname="tests.test_assistant_dashboard.TestAssistantDashboard" name="test_dashboard_overview_api" time="0.307" /><testcase classname="tests.test_assistant_dashboard.TestAssistantDashboard" name="test_dashboard_only_accessible_by_assistant" time="0.599" /><testcase classname="tests.test_assistant_dashboard.TestCallReminders" name="test_mark_called_requires_valid_appointment" time="0.297" /><testcase classname="tests.test_assistant_dashboard.TestCallReminders" name="test_call_reminder_flow" time="0.405" /><testcase classname="tests.test_assistant_dashboard.TestAssistantScheduleAccess" name="test_assistant_can_view_availability" time="0.291" /><testcase classname="tests.test_assistant_dashboard.TestAssistantScheduleAccess" name="test_assistant_cannot_update_availability" time="0.297" /><testcase classname="tests.test_assistant_dashboard.TestAssistantScheduleAccess" name="test_assistant_can_view_appointments" time="0.291" /><testcase classname="tests.test_assistant_dashboard.TestAssistantScheduleAccess" name="test_assistant_can_view_clients" time="0.298" /><testcase classname="tests.test_assistant_dashboard.TestAssistantScheduleAccess" name="test_assistant_can_view_blocked_times" time="0.290" /><testcase classname="tests.test_assistant_dashboard.TestAssistantScheduleAccess" name="test_assistant_can_create_blocked_time" time="0.335" /><testcase classname="tests.test_assistant_dashboard.TestAssistantPaymentsAccess" name="test_assistant_can_view_payments" time="0.294" /><testcase classname="tests.test_assistant_dashboard.TestAssistantClinicalRestrictions" name="test_assistant_cannot_access_session_notes" time="0.288" /><testcase classname="tests.test_assistant_dashboard.TestAssistantClinicalRestrictions" name="test_assistant_cannot_access_assessments" time="0.294" /><testcase classname="tests.test_assistant_dashboard.TestAssistantClinicalRestrictions" name="test_assistant_cannot_access_protocols" time="0.317" /><testcase classname="tests.test_assistant_dashboard.TestSubscriptionStatus" name="test_assistant_gets_therapist_subscription_status" time="0.293" /></testsuite></testsuites>