<?xml version="1.0" encoding="utf-8"?><testsuites name="pytest tests"><testsuite name="pytest" errors="6" failures="0" skipped="0" tests="29" time="8.592" timestamp="2026-01-18T08:17:12.430397+00:00" hostname="agent-env-e3022e24-96a3-4a7f-9f8a-0166f805d5e0"><testcase classname="tests.test_session_notes_recurring.TestSessionNotesCRUD" name="test_p0_1_create_soap_note_all_fields" time="0.463" /><testcase classname="tests.test_session_notes_recurring.TestSessionNotesCRUD" name="test_p0_2_create_dap_note_all_fields" time="0.331"><error message="failed on teardown with &quot;AttributeError: 'NoneType' object has no attribute 'startswith'&quot;">tests/test_session_notes_recurring.py:65: in setup
    if note.get("subjective", "").startswith("TEST_") or note.get("data", "").startswith("TEST_"):
       ^^^^^^^^^^^^^^^^^^^^^^^^^^^^^^^^^^^^^
E   AttributeError: 'NoneType' object has no attribute 'startswith'</error></testcase><testcase classname="tests.test_session_notes_recurring.TestSessionNotesCRUD" name="test_p0_3_link_note_to_appointment" time="0.353"><error message="failed on teardown with &quot;AttributeError: 'NoneType' object has no attribute 'startswith'&quot;">tests/test_session_notes_recurring.py:65: in setup
    if note.get("subjective", "").startswith("TEST_") or note.get("data", "").startswith("TEST_"):
       ^^^^^^^^^^^^^^^^^^^^^^^^^^^^^^^^^^^^^
E   AttributeError: 'NoneType' object has no attribute 'startswith'</error></testcase><testcase classname="tests.test_session_notes_recurring.TestSessionNotesCRUD" name="test_p0_4_edit_session_note" time="0.400"><error message="failed on teardown with &quot;AttributeError: 'NoneType' object has no attribute 'startswith'&quot;">tests/test_session_notes_recurring.py:65: in setup
    if note.get("subjective", "").startswith("TEST_") or note.get("data", "").startswith("TEST_"):
       ^^^^^^^^^^^^^^^^^^^^^^^^^^^^^^^^^^^^^
E   AttributeError: 'NoneType' object has no attribute 'startswith'</error></testcase><testcase classname="tests.test_session_notes_recurring.TestSessionNotesCRUD" name="test_p0_5_delete_session_note" time="0.406"><error message="failed on teardown with &quot;AttributeError: 'NoneType' object has no attribute 'startswith'&quot;">tests/test_session_notes_recurring.py:65: in setup
    if note.get("subjective", "").startswith("TEST_") or note.get("data", "").startswith("TEST_"):
       ^^^^^^^^^^^^^^^^^^^^^^^^^^^^^^^^^^^^^
E   AttributeError: 'NoneType' object has no attribute 'startswith'</error></testcase><testcase classname="tests.test_session_notes_recurring.TestSessionNotesCRUD" name="test_p0_6_filter_notes_by_client" time="0.299"><error message="failed on teardown with &quot;AttributeError: 'NoneType' object has no attribute 'startswith'&quot;">tests/test_session_notes_recurring.py:65: in setup
    if note.get("subjective", "").startswith("TEST_") or note.get("data", "").startswith("TEST_"):
       ^^^^^^^^^^^^^^^^^^^^^^^^^^^^^^^^^^^^^
E   AttributeError: 'NoneType' object has no attribute 'startswith'</error></testcase><testcase classname="tests.test_session_notes_recurring.TestSessionNotesCRUD" name="test_p0_7_view_note_details" time="0.390"><error message="failed on teardown with &quot;AttributeError: 'NoneType' object has no attribute 'startswith'&quot;">tests/test_session_notes_recurring.py:65: in setup
    if note.get("subjective", "").startswith("TEST_") or note.get("data", "").startswith("TEST_"):
       ^^^^^^^^^^^^^^^^^^^^^^^^^^^^^^^^^^^^^
E   AttributeError: 'NoneType' object has no attribute 'startswith'</error></testcase><testcase classname="tests.test_session_notes_recurring.TestRecurringAppointments" name="test_p0_8_create_recurring_pattern" time="0.371" /><testcase classname="tests.test_session_notes_recurring.TestRecurringAppointments" name="test_p0_9_generate_appointments_from_pattern" time="0.406" /><testcase classname="tests.test_session_notes_recurring.TestRecurringAppointments" name="test_p0_10_toggle_recurring_pattern" time="0.458" /><testcase classname="tests.test_session_notes_recurring.TestRecurringAppointments" name="test_p0_11_delete_recurring_pattern" time="0.400" /><testcase classname="tests.test_session_notes_recurring.TestRecurringAppointments" name="test_inactive_pattern_cannot_generate" time="0.505" /><testcase classname="tests.test_session_notes_recurring.TestReadOnlyMode" name="test_p0_12_read_only_mode_check" time="0.294" /><testcase classname="tests.test_session_notes_recurring.TestSessionNotesValidation" name="test_create_note_invalid_client" time="0.342" /><testcase classname="tests.test_session_notes_recurring.TestSessionNotesValidation" name="test_create_note_invalid_appointment" time="0.374" /><testcase classname="tests.test_session_notes_recurring.TestSessionNotesValidation" name="test_get_nonexistent_note" time="0.328" /><testcase classname="tests.test_session_notes_recurring.TestSessionNotesValidation" name="test_update_nonexistent_note" time="0.279" /><testcase classname="tests.test_session_notes_recurring.TestSessionNotesValidation" name="test_delete_nonexistent_note" time="0.314" /><testcase classname="tests.test_session_notes_recurring.TestRecurringAppointmentsValidation" name="test_create_pattern_invalid_day" time="0.321" /><testcase classname="tests.test_session_notes_recurring.TestRecurringAppointmentsValidation" name="test_create_pattern_invalid_client" time="0.293" /><testcase classname="tests.test_session_notes_recurring.TestRecurringAppointmentsValidation" name="test_delete_nonexistent_pattern" time="0.287" /><testcase classname="tests.test_session_notes_recurring.TestRecurringAppointmentsValidation" name="test_generate_nonexistent_pattern" time="0.340" /><testcase classname="tests.test_session_notes_recurring.TestRecurringAppointmentsValidation" name="test_toggle_nonexistent_pattern" time="0.346" /></testsuite></testsuites>