<?xml version="1.0" encoding="utf-8"?><testsuites name="pytest tests"><testsuite name="pytest" errors="0" failures="3" skipped="0" tests="12" time="1.154" timestamp="2026-01-26T06:54:02.085457+00:00" hostname="agent-env-b9054e47-9571-4bd5-a9f7-ef9ae3734d73"><testcase classname="backend.tests.test_notification_settings.TestNotificationSettingsChannelAvailability" name="test_get_channel_availability_success" time="0.442" /><testcase classname="backend.tests.test_notification_settings.TestNotificationSettingsChannelAvailability" name="test_channel_availability_requires_auth" time="0.044"><failure message="assert 403 == 401&#10; +  where 403 = &lt;Response [403]&gt;.status_code">backend/tests/test_notification_settings.py:67: in test_channel_availability_requires_auth
    assert response.status_code == 401
E   assert 403 == 401
E    +  where 403 = &lt;Response [403]&gt;.status_code</failure></testcase><testcase classname="backend.tests.test_notification_settings.TestNotificationSettingsEvents" name="test_get_events_success" time="0.037" /><testcase classname="backend.tests.test_notification_settings.TestNotificationSettingsEvents" name="test_events_contain_expected_types" time="0.042" /><testcase classname="backend.tests.test_notification_settings.TestNotificationSettingsEvents" name="test_email_allowed_whatsapp_disabled" time="0.042" /><testcase classname="backend.tests.test_notification_settings.TestNotificationSettingsEvents" name="test_events_requires_auth" time="0.041"><failure message="assert 403 == 401&#10; +  where 403 = &lt;Response [403]&gt;.status_code">backend/tests/test_notification_settings.py:140: in test_events_requires_auth
    assert response.status_code == 401
E   assert 403 == 401
E    +  where 403 = &lt;Response [403]&gt;.status_code</failure></testcase><testcase classname="backend.tests.test_notification_settings.TestNotificationSettingsPreferenceUpdate" name="test_update_email_preference_disable" time="0.116" /><testcase classname="backend.tests.test_notification_settings.TestNotificationSettingsPreferenceUpdate" name="test_update_email_preference_enable" time="0.099" /><testcase classname="backend.tests.test_notification_settings.TestNotificationSettingsPreferenceUpdate" name="test_update_invalid_event_key" time="0.041" /><testcase classname="backend.tests.test_notification_settings.TestNotificationSettingsPreferenceUpdate" name="test_enable_whatsapp_when_not_allowed" time="0.042" /><testcase classname="backend.tests.test_notification_settings.TestNotificationSettingsPreferenceUpdate" name="test_preference_update_requires_auth" time="0.037"><failure message="assert 403 == 401&#10; +  where 403 = &lt;Response [403]&gt;.status_code">backend/tests/test_notification_settings.py:227: in test_preference_update_requires_auth
    assert response.status_code == 401
E   assert 403 == 401
E    +  where 403 = &lt;Response [403]&gt;.status_code</failure></testcase><testcase classname="backend.tests.test_notification_settings.TestNotificationSettingsBulkUpdate" name="test_bulk_update_preferences" time="0.054" /></testsuite></testsuites>