<?xml version="1.0" encoding="utf-8"?><testsuites name="pytest tests"><testsuite name="pytest" errors="0" failures="0" skipped="0" tests="22" time="43.111" timestamp="2026-01-18T07:58:36.266971+00:00" hostname="agent-env-e3022e24-96a3-4a7f-9f8a-0166f805d5e0"><testcase classname="tests.test_availability.TestAvailabilitySetup" name="test_get_default_availability" time="0.380" /><testcase classname="tests.test_availability.TestAvailabilitySetup" name="test_update_session_duration" time="0.196" /><testcase classname="tests.test_availability.TestAvailabilitySetup" name="test_update_buffer_time" time="0.276" /><testcase classname="tests.test_availability.TestAvailabilitySetup" name="test_enable_day_with_time_blocks" time="0.128" /><testcase classname="tests.test_availability.TestAvailabilitySetup" name="test_update_multiple_days" time="0.123" /><testcase classname="tests.test_availability.TestAvailabilitySetup" name="test_session_duration_validation" time="0.097" /><testcase classname="tests.test_availability.TestAvailabilitySetup" name="test_buffer_time_validation" time="0.078" /><testcase classname="tests.test_availability.TestBlockedTimes" name="test_create_blocked_time" time="0.077" /><testcase classname="tests.test_availability.TestBlockedTimes" name="test_get_blocked_times" time="0.041" /><testcase classname="tests.test_availability.TestBlockedTimes" name="test_delete_blocked_time" time="0.123" /><testcase classname="tests.test_availability.TestBlockedTimes" name="test_blocked_time_validation" time="0.040" /><testcase classname="tests.test_availability.TestAvailableSlots" name="test_generate_slots_for_enabled_day" time="0.117" /><testcase classname="tests.test_availability.TestAvailableSlots" name="test_no_slots_for_disabled_day" time="0.076" /><testcase classname="tests.test_availability.TestAvailableSlots" name="test_slots_with_buffer_time" time="0.119" /><testcase classname="tests.test_availability.TestAvailableSlots" name="test_slots_with_different_session_duration" time="0.164" /><testcase classname="tests.test_availability.TestAvailableSlots" name="test_invalid_date_format" time="0.040" /><testcase classname="tests.test_availability.TestAvailableSlots" name="test_past_date_returns_empty" time="0.039" /><testcase classname="tests.test_availability.TestBlockedTimesPreventSlots" name="test_blocked_time_removes_slots" time="0.272" /><testcase classname="tests.test_availability.TestBookedAppointmentsPreventSlots" name="test_booked_appointment_removes_slot" time="0.264" /><testcase classname="tests.test_availability.TestSlotBasedBooking" name="test_book_from_available_slot" time="0.266" /><testcase classname="tests.test_availability.TestMultipleTimeBlocks" name="test_multiple_time_blocks_generate_slots" time="34.769" /><testcase classname="tests.test_availability.TestPublicAvailability" name="test_get_therapist_public_availability" time="5.359" /></testsuite></testsuites>