<?xml version="1.0" encoding="utf-8"?><testsuites name="pytest tests"><testsuite name="pytest" errors="0" failures="1" skipped="0" tests="17" time="5.703" timestamp="2026-01-19T13:44:01.784038+00:00" hostname="agent-env-26526512-d23b-4b9e-876d-06982a5e7da1"><testcase classname="tests.test_client_profile_view.TestClientProfileViewBackend" name="test_get_assessments_no_auth" time="0.360" /><testcase classname="tests.test_client_profile_view.TestClientProfileViewBackend" name="test_get_assessments_all" time="0.339" /><testcase classname="tests.test_client_profile_view.TestClientProfileViewBackend" name="test_get_assessments_filtered_by_client_id" time="0.291" /><testcase classname="tests.test_client_profile_view.TestClientProfileViewBackend" name="test_get_assessments_invalid_client_id" time="0.349" /><testcase classname="tests.test_client_profile_view.TestClientProfileViewBackend" name="test_get_homework_no_auth" time="0.318" /><testcase classname="tests.test_client_profile_view.TestClientProfileViewBackend" name="test_get_homework_all" time="0.333" /><testcase classname="tests.test_client_profile_view.TestClientProfileViewBackend" name="test_get_homework_filtered_by_client_id" time="0.332" /><testcase classname="tests.test_client_profile_view.TestClientProfileViewBackend" name="test_get_homework_invalid_client_id" time="0.328" /><testcase classname="tests.test_client_profile_view.TestClientProfileViewBackend" name="test_get_appointments_filtered_by_client_id" time="0.292"><failure message="AssertionError: Appointment client_id mismatch: expected c283749c-2c50-48d7-94bf-e4588247883d, got c97b31a8-a2c6-427c-8653-bc7e3f983e08&#10;assert 'c97b31a8-a2c...-bc7e3f983e08' == 'c283749c-2c5...-e4588247883d'&#10;  &#10;  - c283749c-2c50-48d7-94bf-e4588247883d&#10;  + c97b31a8-a2c6-427c-8653-bc7e3f983e08">tests/test_client_profile_view.py:161: in test_get_appointments_filtered_by_client_id
    assert appt.get("client_id") == self.test_client_id, \
E   AssertionError: Appointment client_id mismatch: expected c283749c-2c50-48d7-94bf-e4588247883d, got c97b31a8-a2c6-427c-8653-bc7e3f983e08
E   assert 'c97b31a8-a2c...-bc7e3f983e08' == 'c283749c-2c5...-e4588247883d'
E     
E     - c283749c-2c50-48d7-94bf-e4588247883d
E     + c97b31a8-a2c6-427c-8653-bc7e3f983e08</failure></testcase><testcase classname="tests.test_client_profile_view.TestClientProfileViewBackend" name="test_get_session_notes_filtered_by_client_id" time="0.288" /><testcase classname="tests.test_client_profile_view.TestClientProfileViewBackend" name="test_get_payments_filtered_by_client_id" time="0.289" /><testcase classname="tests.test_client_profile_view.TestClientProfileViewBackend" name="test_get_case_history_for_client" time="0.290" /><testcase classname="tests.test_client_profile_view.TestClientProfileViewBackend" name="test_get_therapy_consent_for_client" time="0.303" /><testcase classname="tests.test_client_profile_view.TestClientProfileViewBackend" name="test_get_clients_list" time="0.299" /><testcase classname="tests.test_client_profile_view.TestClientProfileViewBackend" name="test_get_client_detail" time="0.333" /><testcase classname="tests.test_client_profile_view.TestClientProfileViewIntegration" name="test_aggregate_all_client_data" time="0.440" /><testcase classname="tests.test_client_profile_view.TestAssistantAccessRestrictions" name="test_assistant_blocked_from_assessments" time="0.296" /></testsuite></testsuites>