<?xml version="1.0" encoding="utf-8"?><testsuites name="pytest tests"><testsuite name="pytest" errors="0" failures="0" skipped="0" tests="22" time="19.248" timestamp="2026-03-16T07:55:30.345788+00:00" hostname="agent-env-99e1b793-0ea9-4232-8c20-34c1ca017c2a"><testcase classname="backend.tests.test_admin_content.TestAdminContentCRUD" name="test_01_admin_content_stats" time="5.250" /><testcase classname="backend.tests.test_admin_content.TestAdminContentCRUD" name="test_02_create_homework_template" time="0.379" /><testcase classname="backend.tests.test_admin_content.TestAdminContentCRUD" name="test_03_get_homework_templates" time="0.368" /><testcase classname="backend.tests.test_admin_content.TestAdminContentCRUD" name="test_04_update_homework_template" time="0.635" /><testcase classname="backend.tests.test_admin_content.TestAdminContentCRUD" name="test_05_create_protocol_template" time="0.376" /><testcase classname="backend.tests.test_admin_content.TestAdminContentCRUD" name="test_06_get_protocol_templates" time="0.380" /><testcase classname="backend.tests.test_admin_content.TestAdminContentCRUD" name="test_07_create_resource" time="0.388" /><testcase classname="backend.tests.test_admin_content.TestAdminContentCRUD" name="test_08_get_resources" time="0.378" /><testcase classname="backend.tests.test_admin_content.TestAdminContentCRUD" name="test_09_create_assessment" time="0.356" /><testcase classname="backend.tests.test_admin_content.TestAdminContentCRUD" name="test_10_get_assessments" time="0.376" /><testcase classname="backend.tests.test_admin_content.TestAdminContentCRUD" name="test_11_create_note_template" time="0.377" /><testcase classname="backend.tests.test_admin_content.TestAdminContentCRUD" name="test_12_get_note_templates" time="2.188" /><testcase classname="backend.tests.test_admin_content.TestTherapistSeesAdminContent" name="test_therapist_sees_admin_homework_templates" time="1.779" /><testcase classname="backend.tests.test_admin_content.TestTherapistSeesAdminContent" name="test_therapist_sees_admin_protocol_templates" time="0.610" /><testcase classname="backend.tests.test_admin_content.TestTherapistSeesAdminContent" name="test_therapist_sees_admin_resources" time="0.843" /><testcase classname="backend.tests.test_admin_content.TestTherapistSeesAdminContent" name="test_therapist_sees_admin_assessments" time="0.596" /><testcase classname="backend.tests.test_admin_content.TestAdminAccessControl" name="test_therapist_cannot_get_admin_content_stats" time="1.211" /><testcase classname="backend.tests.test_admin_content.TestAdminAccessControl" name="test_therapist_cannot_list_admin_homework_templates" time="0.353" /><testcase classname="backend.tests.test_admin_content.TestAdminAccessControl" name="test_therapist_cannot_create_admin_content" time="0.364" /><testcase classname="backend.tests.test_admin_content.TestAdminAccessControl" name="test_therapist_cannot_delete_admin_content" time="0.373" /><testcase classname="backend.tests.test_admin_content.TestDeleteAdminContent" name="test_delete_admin_content" time="1.212" /><testcase classname="backend.tests.test_admin_content.TestDeleteAdminContent" name="test_delete_nonexistent_content" time="0.369" /></testsuite></testsuites>