<?xml version="1.0" encoding="utf-8"?><testsuites name="pytest tests"><testsuite name="pytest" errors="0" failures="0" skipped="0" tests="11" time="40.842" timestamp="2026-02-16T16:44:27.394650+00:00" hostname="agent-env-fc2ee96a-dcaa-4613-accc-be09c5267c2b"><testcase classname="tests.test_case_history_consent_separation.TestCaseHistoryConsentSeparation" name="test_01_login_works" time="1.983" /><testcase classname="tests.test_case_history_consent_separation.TestCaseHistoryConsentSeparation" name="test_02_get_case_history_endpoint" time="2.488" /><testcase classname="tests.test_case_history_consent_separation.TestCaseHistoryConsentSeparation" name="test_03_case_history_section_update" time="2.767" /><testcase classname="tests.test_case_history_consent_separation.TestCaseHistoryConsentSeparation" name="test_04_case_history_complete_without_consent" time="5.390" /><testcase classname="tests.test_case_history_consent_separation.TestCaseHistoryConsentSeparation" name="test_05_consent_document_created_after_completion" time="2.491" /><testcase classname="tests.test_case_history_consent_separation.TestCaseHistoryConsentSeparation" name="test_06_get_therapy_consent" time="2.535" /><testcase classname="tests.test_case_history_consent_separation.TestCaseHistoryConsentSeparation" name="test_07_case_history_check_endpoint" time="2.491" /><testcase classname="tests.test_case_history_consent_separation.TestCaseHistorySections" name="test_01_all_10_sections_can_be_saved" time="9.898" /><testcase classname="tests.test_case_history_consent_separation.TestCaseHistorySections" name="test_02_consent_disclaimer_section_not_required" time="5.532" /><testcase classname="tests.test_case_history_consent_separation.TestConsentWorkflow" name="test_01_consent_check_endpoint" time="2.750" /><testcase classname="tests.test_case_history_consent_separation.TestConsentWorkflow" name="test_02_consent_get_endpoint" time="2.461" /></testsuite></testsuites>