<?xml version="1.0" encoding="utf-8"?><testsuites name="pytest tests"><testsuite name="pytest" errors="0" failures="0" skipped="2" tests="11" time="10.570" timestamp="2026-02-12T15:38:32.209550+00:00" hostname="agent-env-a8637628-e353-498a-884b-a1ce5ba42289"><testcase classname="backend.tests.test_notification_preferences.TestNotificationPreferences" name="test_get_preferences_returns_defaults" time="2.625" /><testcase classname="backend.tests.test_notification_preferences.TestNotificationPreferences" name="test_get_preferences_without_auth_fails" time="0.384" /><testcase classname="backend.tests.test_notification_preferences.TestNotificationPreferences" name="test_update_sound_preference_to_false" time="0.854" /><testcase classname="backend.tests.test_notification_preferences.TestNotificationPreferences" name="test_update_badge_preference_to_false" time="0.847" /><testcase classname="backend.tests.test_notification_preferences.TestNotificationPreferences" name="test_update_both_preferences_to_false" time="0.882" /><testcase classname="backend.tests.test_notification_preferences.TestNotificationPreferences" name="test_update_preferences_to_true" time="0.860" /><testcase classname="backend.tests.test_notification_preferences.TestNotificationPreferences" name="test_update_preferences_without_auth_fails" time="0.343" /><testcase classname="backend.tests.test_notification_preferences.TestNotificationPreferences" name="test_update_preferences_partial_update" time="0.582" /><testcase classname="backend.tests.test_notification_preferences.TestNotificationPreferences" name="test_preferences_response_has_message" time="0.585" /><testcase classname="backend.tests.test_notification_preferences.TestNotificationPreferencesWithTherapist" name="test_therapist_can_get_preferences" time="2.227"><skipped type="pytest.skip" message="Therapist login failed - skipping therapist-specific tests">/app/backend/tests/test_notification_preferences.py:225: Therapist login failed - skipping therapist-specific tests</skipped></testcase><testcase classname="backend.tests.test_notification_preferences.TestNotificationPreferencesWithTherapist" name="test_therapist_can_update_preferences" time="0.304"><skipped type="pytest.skip" message="Therapist login failed - skipping therapist-specific tests">/app/backend/tests/test_notification_preferences.py:240: Therapist login failed - skipping therapist-specific tests</skipped></testcase></testsuite></testsuites>