<?xml version="1.0" encoding="utf-8"?><testsuites name="pytest tests"><testsuite name="pytest" errors="0" failures="0" skipped="0" tests="13" time="32.086" timestamp="2026-02-23T08:38:53.863177+00:00" hostname="agent-env-16f1a5b1-1688-44f3-a246-7ef320cf64c2"><testcase classname="backend.tests.test_public_booking.TestPublicBookingEndpoints" name="test_get_public_therapist_profile" time="3.288" /><testcase classname="backend.tests.test_public_booking.TestPublicBookingEndpoints" name="test_get_public_therapist_not_found" time="0.344" /><testcase classname="backend.tests.test_public_booking.TestPublicBookingEndpoints" name="test_get_available_slots" time="0.829" /><testcase classname="backend.tests.test_public_booking.TestPublicBookingEndpoints" name="test_create_public_booking_new_client" time="3.106" /><testcase classname="backend.tests.test_public_booking.TestPublicBookingEndpoints" name="test_create_booking_missing_required_fields" time="0.098" /><testcase classname="backend.tests.test_public_booking.TestPublicBookingEndpoints" name="test_booking_link_info" time="0.353" /><testcase classname="backend.tests.test_public_booking.TestAuthenticatedBookingApproval" name="test_get_pending_approval_appointments" time="1.897" /><testcase classname="backend.tests.test_public_booking.TestAuthenticatedBookingApproval" name="test_approve_booking_creates_scheduled_appointment" time="6.830" /><testcase classname="backend.tests.test_public_booking.TestAuthenticatedBookingApproval" name="test_decline_booking_changes_status" time="5.761" /><testcase classname="backend.tests.test_public_booking.TestAuthenticatedBookingApproval" name="test_approve_nonexistent_appointment" time="1.394" /><testcase classname="backend.tests.test_public_booking.TestAuthenticatedBookingApproval" name="test_decline_nonexistent_appointment" time="1.396" /><testcase classname="backend.tests.test_public_booking.TestTherapistProfilePublicBookingSettings" name="test_get_therapist_profile_has_public_booking_setting" time="1.646" /><testcase classname="backend.tests.test_public_booking.TestTherapistProfilePublicBookingSettings" name="test_update_public_booking_setting" time="5.076" /></testsuite></testsuites>