<?xml version="1.0" encoding="utf-8"?><testsuites name="pytest tests"><testsuite name="pytest" errors="0" failures="0" skipped="0" tests="20" time="5.321" timestamp="2026-01-20T14:02:03.902548+00:00" hostname="agent-env-610b84b6-3586-4d27-ab0b-fc7f63f6de81"><testcase classname="tests.test_cash_settlement.TestCashSettlementEndpoints" name="test_get_today_settlement_as_assistant" time="0.309" /><testcase classname="tests.test_cash_settlement.TestCashSettlementEndpoints" name="test_get_today_settlement_as_therapist" time="0.273" /><testcase classname="tests.test_cash_settlement.TestCashSettlementEndpoints" name="test_get_today_settlement_unauthorized" time="0.036" /><testcase classname="tests.test_cash_settlement.TestCashSettlementEndpoints" name="test_handover_requires_assistant_role" time="0.271" /><testcase classname="tests.test_cash_settlement.TestCashSettlementEndpoints" name="test_handover_no_cash_to_settle" time="0.280" /><testcase classname="tests.test_cash_settlement.TestCashSettlementEndpoints" name="test_get_pending_settlements_as_therapist" time="0.266" /><testcase classname="tests.test_cash_settlement.TestCashSettlementEndpoints" name="test_get_pending_settlements_requires_therapist" time="0.272" /><testcase classname="tests.test_cash_settlement.TestCashSettlementEndpoints" name="test_get_settlement_history_as_therapist" time="0.311" /><testcase classname="tests.test_cash_settlement.TestCashSettlementEndpoints" name="test_get_settlement_history_as_assistant" time="0.272" /><testcase classname="tests.test_cash_settlement.TestCashSettlementEndpoints" name="test_get_settlement_history_with_days_param" time="0.269" /><testcase classname="tests.test_cash_settlement.TestCashSettlementEndpoints" name="test_confirm_requires_therapist_role" time="0.276" /><testcase classname="tests.test_cash_settlement.TestCashSettlementEndpoints" name="test_confirm_nonexistent_settlement" time="0.266" /><testcase classname="tests.test_cash_settlement.TestCashSettlementEndpoints" name="test_dispute_requires_therapist_role" time="0.276" /><testcase classname="tests.test_cash_settlement.TestCashSettlementEndpoints" name="test_dispute_requires_reason" time="0.265" /><testcase classname="tests.test_cash_settlement.TestCashSettlementEndpoints" name="test_dispute_reason_min_length" time="0.270" /><testcase classname="tests.test_cash_settlement.TestCashSettlementEndpoints" name="test_dispute_nonexistent_settlement" time="0.264" /><testcase classname="tests.test_cash_settlement.TestCashSettlementFlow" name="test_settlement_status_values" time="0.268" /><testcase classname="tests.test_cash_settlement.TestCashSettlementFlow" name="test_settlement_amounts_are_numbers" time="0.263" /><testcase classname="tests.test_cash_settlement.TestCashSettlementFlow" name="test_settlement_date_format" time="0.272" /><testcase classname="tests.test_cash_settlement.TestSettlementDataIsolation" name="test_assistant_sees_linked_therapist_settlement" time="0.264" /></testsuite></testsuites>